This file contains any messages produced by compilers while
running configure, to aid debugging if configure makes a mistake.

It was created by h5utils configure 1.13.2, which was
generated by GNU Autoconf 2.71.  Invocation command line was

  $ ./configure CC=mpicc CPP=mpicpp

## --------- ##
## Platform. ##
## --------- ##

hostname = B550
uname -m = x86_64
uname -r = 6.14.0-35-generic
uname -s = Linux
uname -v = #35~24.04.1-Ubuntu SMP PREEMPT_DYNAMIC Tue Oct 14 13:55:17 UTC 2

/usr/bin/uname -p = x86_64
/bin/uname -X     = unknown

/bin/arch              = x86_64
/usr/bin/arch -k       = unknown
/usr/convex/getsysinfo = unknown
/usr/bin/hostinfo      = unknown
/bin/machine           = unknown
/usr/bin/oslevel       = unknown
/bin/universe          = unknown

PATH: /home/w/.local/bin/
PATH: /usr/local/sbin/
PATH: /usr/local/bin/
PATH: /usr/sbin/
PATH: /usr/bin/
PATH: /sbin/
PATH: /bin/
PATH: /usr/games/
PATH: /usr/local/games/
PATH: /snap/bin/
PATH: /snap/bin/


## ----------- ##
## Core tests. ##
## ----------- ##

configure:2604: looking for aux files: compile missing install-sh
configure:2617:  trying ./
configure:2646:   ./compile found
configure:2646:   ./missing found
configure:2628:   ./install-sh found
configure:2775: checking for a BSD-compatible install
configure:2848: result: /usr/bin/install -c
configure:2859: checking whether build environment is sane
configure:2914: result: yes
configure:3073: checking for a race-free mkdir -p
configure:3117: result: /usr/bin/mkdir -p
configure:3124: checking for gawk
configure:3159: result: no
configure:3124: checking for mawk
configure:3145: found /usr/bin/mawk
configure:3156: result: mawk
configure:3167: checking whether make sets $(MAKE)
configure:3190: result: yes
configure:3220: checking whether make supports nested variables
configure:3238: result: yes
configure:3386: checking whether make supports nested variables
configure:3404: result: yes
configure:3419: checking whether to enable maintainer-specific portions of Makefiles
configure:3429: result: no
configure:3506: checking for gcc
configure:3538: result: mpicc
configure:3891: checking for C compiler version
configure:3900: mpicc --version >&5
gcc (Ubuntu 13.3.0-6ubuntu2~24.04) 13.3.0
Copyright (C) 2023 Free Software Foundation, Inc.
This is free software; see the source for copying conditions.  There is NO
warranty; not even for MERCHANTABILITY or FITNESS FOR A PARTICULAR PURPOSE.

configure:3911: $? = 0
configure:3900: mpicc -v >&5
Using built-in specs.
COLLECT_GCC=/usr/bin/gcc
COLLECT_LTO_WRAPPER=/usr/libexec/gcc/x86_64-linux-gnu/13/lto-wrapper
OFFLOAD_TARGET_NAMES=nvptx-none:amdgcn-amdhsa
OFFLOAD_TARGET_DEFAULT=1
Target: x86_64-linux-gnu
Configured with: ../src/configure -v --with-pkgversion='Ubuntu 13.3.0-6ubuntu2~24.04' --with-bugurl=file:///usr/share/doc/gcc-13/README.Bugs --enable-languages=c,ada,c++,go,d,fortran,objc,obj-c++,m2 --prefix=/usr --with-gcc-major-version-only --program-suffix=-13 --program-prefix=x86_64-linux-gnu- --enable-shared --enable-linker-build-id --libexecdir=/usr/libexec --without-included-gettext --enable-threads=posix --libdir=/usr/lib --enable-nls --enable-bootstrap --enable-clocale=gnu --enable-libstdcxx-debug --enable-libstdcxx-time=yes --with-default-libstdcxx-abi=new --enable-libstdcxx-backtrace --enable-gnu-unique-object --disable-vtable-verify --enable-plugin --enable-default-pie --with-system-zlib --enable-libphobos-checking=release --with-target-system-zlib=auto --enable-objc-gc=auto --enable-multiarch --disable-werror --enable-cet --with-arch-32=i686 --with-abi=m64 --with-multilib-list=m32,m64,mx32 --enable-multilib --with-tune=generic --enable-offload-targets=nvptx-none=/build/gcc-13-fG75Ri/gcc-13-13.3.0/debian/tmp-nvptx/usr,amdgcn-amdhsa=/build/gcc-13-fG75Ri/gcc-13-13.3.0/debian/tmp-gcn/usr --enable-offload-defaulted --without-cuda-driver --enable-checking=release --build=x86_64-linux-gnu --host=x86_64-linux-gnu --target=x86_64-linux-gnu --with-build-config=bootstrap-lto-lean --enable-link-serialization=2
Thread model: posix
Supported LTO compression algorithms: zlib zstd
gcc version 13.3.0 (Ubuntu 13.3.0-6ubuntu2~24.04) 
... rest of stderr output deleted ...
configure:3911: $? = 0
configure:3900: mpicc -V >&5
gcc: error: unrecognized command-line option '-V'
gcc: fatal error: no input files
compilation terminated.
configure:3911: $? = 1
configure:3900: mpicc -qversion >&5
gcc: error: unrecognized command-line option '-qversion'; did you mean '--version'?
gcc: fatal error: no input files
compilation terminated.
configure:3911: $? = 1
configure:3900: mpicc -version >&5
gcc: error: unrecognized command-line option '-version'
gcc: fatal error: no input files
compilation terminated.
configure:3911: $? = 1
configure:3931: checking whether the C compiler works
configure:3953: mpicc    conftest.c  >&5
configure:3957: $? = 0
configure:4007: result: yes
configure:4010: checking for C compiler default output file name
configure:4012: result: a.out
configure:4018: checking for suffix of executables
configure:4025: mpicc -o conftest    conftest.c  >&5
configure:4029: $? = 0
configure:4052: result: 
configure:4074: checking whether we are cross compiling
configure:4082: mpicc -o conftest    conftest.c  >&5
configure:4086: $? = 0
configure:4093: ./conftest
configure:4097: $? = 0
configure:4112: result: no
configure:4117: checking for suffix of object files
configure:4140: mpicc -c   conftest.c >&5
configure:4144: $? = 0
configure:4166: result: o
configure:4170: checking whether the compiler supports GNU C
configure:4190: mpicc -c   conftest.c >&5
configure:4190: $? = 0
configure:4200: result: yes
configure:4211: checking whether mpicc accepts -g
configure:4232: mpicc -c -g  conftest.c >&5
configure:4232: $? = 0
configure:4276: result: yes
configure:4296: checking for mpicc option to enable C11 features
configure:4311: mpicc  -c -g -O2  conftest.c >&5
configure:4311: $? = 0
configure:4329: result: none needed
configure:4445: checking whether mpicc understands -c and -o together
configure:4468: mpicc -c conftest.c -o conftest2.o
configure:4471: $? = 0
configure:4468: mpicc -c conftest.c -o conftest2.o
configure:4471: $? = 0
configure:4483: result: yes
configure:4503: checking whether make supports the include directive
configure:4518: make -f confmf.GNU && cat confinc.out
this is the am__doit target
configure:4521: $? = 0
configure:4540: result: yes (GNU style)
configure:4566: checking dependency style of mpicc
configure:4678: result: gcc3
configure:4696: checking for sin in -lm
configure:4719: mpicc -o conftest -g -O2   conftest.c -lm   >&5
conftest.c:15:6: warning: conflicting types for built-in function 'sin'; expected 'double(double)' [-Wbuiltin-declaration-mismatch]
   15 | char sin ();
      |      ^~~
conftest.c:1:1: note: 'sin' is declared in header '<math.h>'
    1 | /* confdefs.h */
configure:4719: $? = 0
configure:4729: result: yes
configure:4739: checking for snprintf
configure:4739: mpicc -o conftest -g -O2   conftest.c -lm  >&5
conftest.c:28:6: warning: conflicting types for built-in function 'snprintf'; expected 'int(char *, long unsigned int,  const char *, ...)' [-Wbuiltin-declaration-mismatch]
   28 | char snprintf ();
      |      ^~~~~~~~
conftest.c:20:1: note: 'snprintf' is declared in header '<stdio.h>'
   19 | #include <limits.h>
   20 | #undef snprintf
configure:4739: $? = 0
configure:4739: result: yes
configure:4767: checking for inflate in -lz
configure:4790: mpicc -o conftest -g -O2   conftest.c -lz  -lm  >&5
configure:4790: $? = 0
configure:4800: result: yes
configure:4812: checking for png_create_write_struct in -lpng
configure:4835: mpicc -o conftest -g -O2   conftest.c -lpng  -lz -lm  >&5
/usr/bin/ld: cannot find -lpng: No such file or directory
collect2: error: ld returned 1 exit status
configure:4835: $? = 1
configure: failed program was:
| /* confdefs.h */
| #define PACKAGE_NAME "h5utils"
| #define PACKAGE_TARNAME "h5utils"
| #define PACKAGE_VERSION "1.13.2"
| #define PACKAGE_STRING "h5utils 1.13.2"
| #define PACKAGE_BUGREPORT "stevenj@alum.mit.edu"
| #define PACKAGE_URL ""
| #define PACKAGE "h5utils"
| #define VERSION "1.13.2"
| #define HAVE_LIBM 1
| #define HAVE_SNPRINTF 1
| /* end confdefs.h.  */
| 
| /* Override any GCC internal prototype to avoid an error.
|    Use char because int might match the return type of a GCC
|    builtin and then its argument prototype would still apply.  */
| char png_create_write_struct ();
| int
| main (void)
| {
| return png_create_write_struct ();
|   ;
|   return 0;
| }
configure:4845: result: no
configure:4857: WARNING: can't find libpng: won't be able to compile h5topng
configure:4877: checking for evaluator_get_variables in -lmatheval
configure:4900: mpicc -o conftest -g -O2   conftest.c -lmatheval  -lz -lm  >&5
/usr/bin/ld: cannot find -lmatheval: No such file or directory
collect2: error: ld returned 1 exit status
configure:4900: $? = 1
configure: failed program was:
| /* confdefs.h */
| #define PACKAGE_NAME "h5utils"
| #define PACKAGE_TARNAME "h5utils"
| #define PACKAGE_VERSION "1.13.2"
| #define PACKAGE_STRING "h5utils 1.13.2"
| #define PACKAGE_BUGREPORT "stevenj@alum.mit.edu"
| #define PACKAGE_URL ""
| #define PACKAGE "h5utils"
| #define VERSION "1.13.2"
| #define HAVE_LIBM 1
| #define HAVE_SNPRINTF 1
| /* end confdefs.h.  */
| 
| /* Override any GCC internal prototype to avoid an error.
|    Use char because int might match the return type of a GCC
|    builtin and then its argument prototype would still apply.  */
| char evaluator_get_variables ();
| int
| main (void)
| {
| return evaluator_get_variables ();
|   ;
|   return 0;
| }
configure:4910: result: no
configure:4924: WARNING: can't find libmatheval: won't be able to compile h5math
configure:4934: checking for h4toh5
configure:4969: result: no
configure:4976: checking for h5toh4
configure:5011: result: no
configure:5036: checking for jpeg_start_compress in -ljpeg
configure:5059: mpicc -o conftest -g -O2   conftest.c -ljpeg  -lz -lm  >&5
configure:5059: $? = 0
configure:5069: result: yes
configure:5073: checking for DFSDgetdata in -ldf
configure:5096: mpicc -o conftest -g -O2   conftest.c -ldf -ljpeg -lz -lm  >&5
/usr/bin/ld: cannot find -ldf: No such file or directory
collect2: error: ld returned 1 exit status
configure:5096: $? = 1
configure: failed program was:
| /* confdefs.h */
| #define PACKAGE_NAME "h5utils"
| #define PACKAGE_TARNAME "h5utils"
| #define PACKAGE_VERSION "1.13.2"
| #define PACKAGE_STRING "h5utils 1.13.2"
| #define PACKAGE_BUGREPORT "stevenj@alum.mit.edu"
| #define PACKAGE_URL ""
| #define PACKAGE "h5utils"
| #define VERSION "1.13.2"
| #define HAVE_LIBM 1
| #define HAVE_SNPRINTF 1
| /* end confdefs.h.  */
| 
| /* Override any GCC internal prototype to avoid an error.
|    Use char because int might match the return type of a GCC
|    builtin and then its argument prototype would still apply.  */
| char DFSDgetdata ();
| int
| main (void)
| {
| return DFSDgetdata ();
|   ;
|   return 0;
| }
configure:5106: result: no
configure:5112: WARNING: can't find libdf (HDF4): won't be able to compile h5fromh4 or h4fromh5
configure:5137: checking for stdio.h
configure:5137: mpicc -c -g -O2  conftest.c >&5
configure:5137: $? = 0
configure:5137: result: yes
configure:5137: checking for stdlib.h
configure:5137: mpicc -c -g -O2  conftest.c >&5
configure:5137: $? = 0
configure:5137: result: yes
configure:5137: checking for string.h
configure:5137: mpicc -c -g -O2  conftest.c >&5
configure:5137: $? = 0
configure:5137: result: yes
configure:5137: checking for inttypes.h
configure:5137: mpicc -c -g -O2  conftest.c >&5
configure:5137: $? = 0
configure:5137: result: yes
configure:5137: checking for stdint.h
configure:5137: mpicc -c -g -O2  conftest.c >&5
configure:5137: $? = 0
configure:5137: result: yes
configure:5137: checking for strings.h
configure:5137: mpicc -c -g -O2  conftest.c >&5
configure:5137: $? = 0
configure:5137: result: yes
configure:5137: checking for sys/stat.h
configure:5137: mpicc -c -g -O2  conftest.c >&5
configure:5137: $? = 0
configure:5137: result: yes
configure:5137: checking for sys/types.h
configure:5137: mpicc -c -g -O2  conftest.c >&5
configure:5137: $? = 0
configure:5137: result: yes
configure:5137: checking for unistd.h
configure:5137: mpicc -c -g -O2  conftest.c >&5
configure:5137: $? = 0
configure:5137: result: yes
configure:5162: checking for hdf.h
configure:5162: mpicc -c -g -O2  conftest.c >&5
conftest.c:51:10: fatal error: hdf.h: No such file or directory
   51 | #include <hdf.h>
      |          ^~~~~~~
compilation terminated.
configure:5162: $? = 1
configure: failed program was:
| /* confdefs.h */
| #define PACKAGE_NAME "h5utils"
| #define PACKAGE_TARNAME "h5utils"
| #define PACKAGE_VERSION "1.13.2"
| #define PACKAGE_STRING "h5utils 1.13.2"
| #define PACKAGE_BUGREPORT "stevenj@alum.mit.edu"
| #define PACKAGE_URL ""
| #define PACKAGE "h5utils"
| #define VERSION "1.13.2"
| #define HAVE_LIBM 1
| #define HAVE_SNPRINTF 1
| #define HAVE_STDIO_H 1
| #define HAVE_STDLIB_H 1
| #define HAVE_STRING_H 1
| #define HAVE_INTTYPES_H 1
| #define HAVE_STDINT_H 1
| #define HAVE_STRINGS_H 1
| #define HAVE_SYS_STAT_H 1
| #define HAVE_SYS_TYPES_H 1
| #define HAVE_UNISTD_H 1
| #define STDC_HEADERS 1
| /* end confdefs.h.  */
| #include <stddef.h>
| #ifdef HAVE_STDIO_H
| # include <stdio.h>
| #endif
| #ifdef HAVE_STDLIB_H
| # include <stdlib.h>
| #endif
| #ifdef HAVE_STRING_H
| # include <string.h>
| #endif
| #ifdef HAVE_INTTYPES_H
| # include <inttypes.h>
| #endif
| #ifdef HAVE_STDINT_H
| # include <stdint.h>
| #endif
| #ifdef HAVE_STRINGS_H
| # include <strings.h>
| #endif
| #ifdef HAVE_SYS_TYPES_H
| # include <sys/types.h>
| #endif
| #ifdef HAVE_SYS_STAT_H
| # include <sys/stat.h>
| #endif
| #ifdef HAVE_UNISTD_H
| # include <unistd.h>
| #endif
| #include <hdf.h>
configure:5162: result: no
configure:5168: checking for hdf/hdf.h
configure:5168: mpicc -c -g -O2  conftest.c >&5
conftest.c:51:10: fatal error: hdf/hdf.h: No such file or directory
   51 | #include <hdf/hdf.h>
      |          ^~~~~~~~~~~
compilation terminated.
configure:5168: $? = 1
configure: failed program was:
| /* confdefs.h */
| #define PACKAGE_NAME "h5utils"
| #define PACKAGE_TARNAME "h5utils"
| #define PACKAGE_VERSION "1.13.2"
| #define PACKAGE_STRING "h5utils 1.13.2"
| #define PACKAGE_BUGREPORT "stevenj@alum.mit.edu"
| #define PACKAGE_URL ""
| #define PACKAGE "h5utils"
| #define VERSION "1.13.2"
| #define HAVE_LIBM 1
| #define HAVE_SNPRINTF 1
| #define HAVE_STDIO_H 1
| #define HAVE_STDLIB_H 1
| #define HAVE_STRING_H 1
| #define HAVE_INTTYPES_H 1
| #define HAVE_STDINT_H 1
| #define HAVE_STRINGS_H 1
| #define HAVE_SYS_STAT_H 1
| #define HAVE_SYS_TYPES_H 1
| #define HAVE_UNISTD_H 1
| #define STDC_HEADERS 1
| /* end confdefs.h.  */
| #include <stddef.h>
| #ifdef HAVE_STDIO_H
| # include <stdio.h>
| #endif
| #ifdef HAVE_STDLIB_H
| # include <stdlib.h>
| #endif
| #ifdef HAVE_STRING_H
| # include <string.h>
| #endif
| #ifdef HAVE_INTTYPES_H
| # include <inttypes.h>
| #endif
| #ifdef HAVE_STDINT_H
| # include <stdint.h>
| #endif
| #ifdef HAVE_STRINGS_H
| # include <strings.h>
| #endif
| #ifdef HAVE_SYS_TYPES_H
| # include <sys/types.h>
| #endif
| #ifdef HAVE_SYS_STAT_H
| # include <sys/stat.h>
| #endif
| #ifdef HAVE_UNISTD_H
| # include <unistd.h>
| #endif
| #include <hdf/hdf.h>
configure:5168: result: no
configure:5180: checking for H5Fopen in -lhdf5
configure:5203: mpicc -o conftest -g -O2   conftest.c -lhdf5  -lz -lm  >&5
configure:5203: $? = 0
configure:5213: result: yes
configure:5243: checking for mkoctfile
configure:5278: result: no
configure:5288: WARNING: can't find mkoctfile: won't be able to compile h5read.oct
configure:5431: checking for v5dCreate in -lv5d
configure:5454: mpicc -o conftest -g -O2   conftest.c -lv5d  -lhdf5 -lz -lm  >&5
/usr/bin/ld: cannot find -lv5d: No such file or directory
collect2: error: ld returned 1 exit status
configure:5454: $? = 1
configure: failed program was:
| /* confdefs.h */
| #define PACKAGE_NAME "h5utils"
| #define PACKAGE_TARNAME "h5utils"
| #define PACKAGE_VERSION "1.13.2"
| #define PACKAGE_STRING "h5utils 1.13.2"
| #define PACKAGE_BUGREPORT "stevenj@alum.mit.edu"
| #define PACKAGE_URL ""
| #define PACKAGE "h5utils"
| #define VERSION "1.13.2"
| #define HAVE_LIBM 1
| #define HAVE_SNPRINTF 1
| #define HAVE_STDIO_H 1
| #define HAVE_STDLIB_H 1
| #define HAVE_STRING_H 1
| #define HAVE_INTTYPES_H 1
| #define HAVE_STDINT_H 1
| #define HAVE_STRINGS_H 1
| #define HAVE_SYS_STAT_H 1
| #define HAVE_SYS_TYPES_H 1
| #define HAVE_UNISTD_H 1
| #define STDC_HEADERS 1
| /* end confdefs.h.  */
| 
| /* Override any GCC internal prototype to avoid an error.
|    Use char because int might match the return type of a GCC
|    builtin and then its argument prototype would still apply.  */
| char v5dCreate ();
| int
| main (void)
| {
| return v5dCreate ();
|   ;
|   return 0;
| }
configure:5464: result: no
configure:5471: checking for vis5d/v5d.h
configure:5471: mpicc -c -g -O2  conftest.c >&5
conftest.c:51:10: fatal error: vis5d/v5d.h: No such file or directory
   51 | #include <vis5d/v5d.h>
      |          ^~~~~~~~~~~~~
compilation terminated.
configure:5471: $? = 1
configure: failed program was:
| /* confdefs.h */
| #define PACKAGE_NAME "h5utils"
| #define PACKAGE_TARNAME "h5utils"
| #define PACKAGE_VERSION "1.13.2"
| #define PACKAGE_STRING "h5utils 1.13.2"
| #define PACKAGE_BUGREPORT "stevenj@alum.mit.edu"
| #define PACKAGE_URL ""
| #define PACKAGE "h5utils"
| #define VERSION "1.13.2"
| #define HAVE_LIBM 1
| #define HAVE_SNPRINTF 1
| #define HAVE_STDIO_H 1
| #define HAVE_STDLIB_H 1
| #define HAVE_STRING_H 1
| #define HAVE_INTTYPES_H 1
| #define HAVE_STDINT_H 1
| #define HAVE_STRINGS_H 1
| #define HAVE_SYS_STAT_H 1
| #define HAVE_SYS_TYPES_H 1
| #define HAVE_UNISTD_H 1
| #define STDC_HEADERS 1
| /* end confdefs.h.  */
| #include <stddef.h>
| #ifdef HAVE_STDIO_H
| # include <stdio.h>
| #endif
| #ifdef HAVE_STDLIB_H
| # include <stdlib.h>
| #endif
| #ifdef HAVE_STRING_H
| # include <string.h>
| #endif
| #ifdef HAVE_INTTYPES_H
| # include <inttypes.h>
| #endif
| #ifdef HAVE_STDINT_H
| # include <stdint.h>
| #endif
| #ifdef HAVE_STRINGS_H
| # include <strings.h>
| #endif
| #ifdef HAVE_SYS_TYPES_H
| # include <sys/types.h>
| #endif
| #ifdef HAVE_SYS_STAT_H
| # include <sys/stat.h>
| #endif
| #ifdef HAVE_UNISTD_H
| # include <unistd.h>
| #endif
| #include <vis5d/v5d.h>
configure:5471: result: no
configure:5478: checking for vis5d+/v5d.h
configure:5478: mpicc -c -g -O2  conftest.c >&5
conftest.c:51:10: fatal error: vis5d+/v5d.h: No such file or directory
   51 | #include <vis5d+/v5d.h>
      |          ^~~~~~~~~~~~~~
compilation terminated.
configure:5478: $? = 1
configure: failed program was:
| /* confdefs.h */
| #define PACKAGE_NAME "h5utils"
| #define PACKAGE_TARNAME "h5utils"
| #define PACKAGE_VERSION "1.13.2"
| #define PACKAGE_STRING "h5utils 1.13.2"
| #define PACKAGE_BUGREPORT "stevenj@alum.mit.edu"
| #define PACKAGE_URL ""
| #define PACKAGE "h5utils"
| #define VERSION "1.13.2"
| #define HAVE_LIBM 1
| #define HAVE_SNPRINTF 1
| #define HAVE_STDIO_H 1
| #define HAVE_STDLIB_H 1
| #define HAVE_STRING_H 1
| #define HAVE_INTTYPES_H 1
| #define HAVE_STDINT_H 1
| #define HAVE_STRINGS_H 1
| #define HAVE_SYS_STAT_H 1
| #define HAVE_SYS_TYPES_H 1
| #define HAVE_UNISTD_H 1
| #define STDC_HEADERS 1
| /* end confdefs.h.  */
| #include <stddef.h>
| #ifdef HAVE_STDIO_H
| # include <stdio.h>
| #endif
| #ifdef HAVE_STDLIB_H
| # include <stdlib.h>
| #endif
| #ifdef HAVE_STRING_H
| # include <string.h>
| #endif
| #ifdef HAVE_INTTYPES_H
| # include <inttypes.h>
| #endif
| #ifdef HAVE_STDINT_H
| # include <stdint.h>
| #endif
| #ifdef HAVE_STRINGS_H
| # include <strings.h>
| #endif
| #ifdef HAVE_SYS_TYPES_H
| # include <sys/types.h>
| #endif
| #ifdef HAVE_SYS_STAT_H
| # include <sys/stat.h>
| #endif
| #ifdef HAVE_UNISTD_H
| # include <unistd.h>
| #endif
| #include <vis5d+/v5d.h>
configure:5478: result: no
configure:5515: checking for arpa/inet.h
configure:5515: mpicc -c -g -O2  conftest.c >&5
configure:5515: $? = 0
configure:5515: result: yes
configure:5521: checking for netinet/in.h
configure:5521: mpicc -c -g -O2  conftest.c >&5
configure:5521: $? = 0
configure:5521: result: yes
configure:5527: checking for stdint.h
configure:5527: result: yes
configure:5533: checking for inttypes.h
configure:5533: result: yes
configure:5540: checking for uint16_t
configure:5540: mpicc -c -g -O2  conftest.c >&5
configure:5540: $? = 0
configure:5540: mpicc -c -g -O2  conftest.c >&5
conftest.c: In function 'main':
conftest.c:58:23: error: expected expression before ')' token
   58 | if (sizeof ((uint16_t)))
      |                       ^
configure:5540: $? = 1
configure: failed program was:
| /* confdefs.h */
| #define PACKAGE_NAME "h5utils"
| #define PACKAGE_TARNAME "h5utils"
| #define PACKAGE_VERSION "1.13.2"
| #define PACKAGE_STRING "h5utils 1.13.2"
| #define PACKAGE_BUGREPORT "stevenj@alum.mit.edu"
| #define PACKAGE_URL ""
| #define PACKAGE "h5utils"
| #define VERSION "1.13.2"
| #define HAVE_LIBM 1
| #define HAVE_SNPRINTF 1
| #define HAVE_STDIO_H 1
| #define HAVE_STDLIB_H 1
| #define HAVE_STRING_H 1
| #define HAVE_INTTYPES_H 1
| #define HAVE_STDINT_H 1
| #define HAVE_STRINGS_H 1
| #define HAVE_SYS_STAT_H 1
| #define HAVE_SYS_TYPES_H 1
| #define HAVE_UNISTD_H 1
| #define STDC_HEADERS 1
| #define HAVE_ARPA_INET_H 1
| #define HAVE_NETINET_IN_H 1
| #define HAVE_STDINT_H 1
| #define HAVE_INTTYPES_H 1
| /* end confdefs.h.  */
| #include <stddef.h>
| #ifdef HAVE_STDIO_H
| # include <stdio.h>
| #endif
| #ifdef HAVE_STDLIB_H
| # include <stdlib.h>
| #endif
| #ifdef HAVE_STRING_H
| # include <string.h>
| #endif
| #ifdef HAVE_INTTYPES_H
| # include <inttypes.h>
| #endif
| #ifdef HAVE_STDINT_H
| # include <stdint.h>
| #endif
| #ifdef HAVE_STRINGS_H
| # include <strings.h>
| #endif
| #ifdef HAVE_SYS_TYPES_H
| # include <sys/types.h>
| #endif
| #ifdef HAVE_SYS_STAT_H
| # include <sys/stat.h>
| #endif
| #ifdef HAVE_UNISTD_H
| # include <unistd.h>
| #endif
| int
| main (void)
| {
| if (sizeof ((uint16_t)))
| 	    return 0;
|   ;
|   return 0;
| }
configure:5540: result: yes
configure:5548: checking for uint32_t
configure:5548: mpicc -c -g -O2  conftest.c >&5
configure:5548: $? = 0
configure:5548: mpicc -c -g -O2  conftest.c >&5
conftest.c: In function 'main':
conftest.c:59:23: error: expected expression before ')' token
   59 | if (sizeof ((uint32_t)))
      |                       ^
configure:5548: $? = 1
configure: failed program was:
| /* confdefs.h */
| #define PACKAGE_NAME "h5utils"
| #define PACKAGE_TARNAME "h5utils"
| #define PACKAGE_VERSION "1.13.2"
| #define PACKAGE_STRING "h5utils 1.13.2"
| #define PACKAGE_BUGREPORT "stevenj@alum.mit.edu"
| #define PACKAGE_URL ""
| #define PACKAGE "h5utils"
| #define VERSION "1.13.2"
| #define HAVE_LIBM 1
| #define HAVE_SNPRINTF 1
| #define HAVE_STDIO_H 1
| #define HAVE_STDLIB_H 1
| #define HAVE_STRING_H 1
| #define HAVE_INTTYPES_H 1
| #define HAVE_STDINT_H 1
| #define HAVE_STRINGS_H 1
| #define HAVE_SYS_STAT_H 1
| #define HAVE_SYS_TYPES_H 1
| #define HAVE_UNISTD_H 1
| #define STDC_HEADERS 1
| #define HAVE_ARPA_INET_H 1
| #define HAVE_NETINET_IN_H 1
| #define HAVE_STDINT_H 1
| #define HAVE_INTTYPES_H 1
| #define HAVE_UINT16_T 1
| /* end confdefs.h.  */
| #include <stddef.h>
| #ifdef HAVE_STDIO_H
| # include <stdio.h>
| #endif
| #ifdef HAVE_STDLIB_H
| # include <stdlib.h>
| #endif
| #ifdef HAVE_STRING_H
| # include <string.h>
| #endif
| #ifdef HAVE_INTTYPES_H
| # include <inttypes.h>
| #endif
| #ifdef HAVE_STDINT_H
| # include <stdint.h>
| #endif
| #ifdef HAVE_STRINGS_H
| # include <strings.h>
| #endif
| #ifdef HAVE_SYS_TYPES_H
| # include <sys/types.h>
| #endif
| #ifdef HAVE_SYS_STAT_H
| # include <sys/stat.h>
| #endif
| #ifdef HAVE_UNISTD_H
| # include <unistd.h>
| #endif
| int
| main (void)
| {
| if (sizeof ((uint32_t)))
| 	    return 0;
|   ;
|   return 0;
| }
configure:5548: result: yes
configure:5558: checking for htons
configure:5575: mpicc -o conftest -g -O2   conftest.c -lhdf5 -lz -lm  >&5
configure:5575: $? = 0
configure:5586: result: yes
configure:5593: checking size of float
configure:5599: mpicc -o conftest -g -O2   conftest.c -lhdf5 -lz -lm  >&5
configure:5599: $? = 0
configure:5599: ./conftest
configure:5599: $? = 0
configure:5614: result: 4
configure:5623: checking for htonl
configure:5640: mpicc -o conftest -g -O2   conftest.c -lhdf5 -lz -lm  >&5
configure:5640: $? = 0
configure:5651: result: yes
configure:5907: checking for wordexp.h
configure:5907: mpicc -c -g -O2  conftest.c >&5
configure:5907: $? = 0
configure:5907: result: yes
configure:5914: checking for wordexp
configure:5914: mpicc -o conftest -g -O2   conftest.c -lhdf5 -lz -lm  >&5
configure:5914: $? = 0
configure:5914: result: yes
configure:6029: checking that generated files are newer than configure
configure:6035: result: done
configure:6063: creating ./config.status

## ---------------------- ##
## Running config.status. ##
## ---------------------- ##

This file was extended by h5utils config.status 1.13.2, which was
generated by GNU Autoconf 2.71.  Invocation command line was

  CONFIG_FILES    = 
  CONFIG_HEADERS  = 
  CONFIG_LINKS    = 
  CONFIG_COMMANDS = 
  $ ./config.status 

on B550

config.status:879: creating Makefile
config.status:879: creating doc/man/h5topng.1
config.status:879: creating config.h
config.status:1108: executing depfiles commands
config.status:1185: cd .       && sed -e '/# am--include-marker/d' Makefile         | make -f - am--depfiles
config.status:1190: $? = 0

## ---------------- ##
## Cache variables. ##
## ---------------- ##

ac_cv_c_compiler_gnu=yes
ac_cv_env_CC_set=set
ac_cv_env_CC_value=mpicc
ac_cv_env_CFLAGS_set=
ac_cv_env_CFLAGS_value=
ac_cv_env_CPPFLAGS_set=
ac_cv_env_CPPFLAGS_value=
ac_cv_env_LDFLAGS_set=
ac_cv_env_LDFLAGS_value=
ac_cv_env_LIBS_set=
ac_cv_env_LIBS_value=
ac_cv_env_build_alias_set=
ac_cv_env_build_alias_value=
ac_cv_env_host_alias_set=
ac_cv_env_host_alias_value=
ac_cv_env_target_alias_set=
ac_cv_env_target_alias_value=
ac_cv_func_snprintf=yes
ac_cv_func_wordexp=yes
ac_cv_header_arpa_inet_h=yes
ac_cv_header_hdf_h=no
ac_cv_header_hdf_hdf_h=no
ac_cv_header_inttypes_h=yes
ac_cv_header_netinet_in_h=yes
ac_cv_header_stdint_h=yes
ac_cv_header_stdio_h=yes
ac_cv_header_stdlib_h=yes
ac_cv_header_string_h=yes
ac_cv_header_strings_h=yes
ac_cv_header_sys_stat_h=yes
ac_cv_header_sys_types_h=yes
ac_cv_header_unistd_h=yes
ac_cv_header_vis5d_v5d_h=no
ac_cv_header_vis5dp_v5d_h=no
ac_cv_header_wordexp_h=yes
ac_cv_lib_df_DFSDgetdata=no
ac_cv_lib_hdf5_H5Fopen=yes
ac_cv_lib_jpeg_jpeg_start_compress=yes
ac_cv_lib_m_sin=yes
ac_cv_lib_matheval_evaluator_get_variables=no
ac_cv_lib_png_png_create_write_struct=no
ac_cv_lib_v5d_v5dCreate=no
ac_cv_lib_z_inflate=yes
ac_cv_objext=o
ac_cv_path_install='/usr/bin/install -c'
ac_cv_path_mkdir=/usr/bin/mkdir
ac_cv_prog_AWK=mawk
ac_cv_prog_ac_ct_CC=mpicc
ac_cv_prog_cc_c11=
ac_cv_prog_cc_g=yes
ac_cv_prog_cc_stdc=
ac_cv_prog_make_make_set=yes
ac_cv_sizeof_float=4
ac_cv_type_uint16_t=yes
ac_cv_type_uint32_t=yes
am_cv_CC_dependencies_compiler_type=gcc3
am_cv_make_support_nested_variables=yes
am_cv_prog_cc_c_o=yes

## ----------------- ##
## Output variables. ##
## ----------------- ##

ACLOCAL='${SHELL} '\''/home/w/Desktop/h5utils-1.13.2/missing'\'' aclocal-1.16'
AMDEPBACKSLASH='\'
AMDEP_FALSE='#'
AMDEP_TRUE=''
AMTAR='$${TAR-tar}'
AM_BACKSLASH='\'
AM_DEFAULT_V='$(AM_DEFAULT_VERBOSITY)'
AM_DEFAULT_VERBOSITY='0'
AM_V='$(V)'
AUTOCONF='${SHELL} '\''/home/w/Desktop/h5utils-1.13.2/missing'\'' autoconf'
AUTOHEADER='${SHELL} '\''/home/w/Desktop/h5utils-1.13.2/missing'\'' autoheader'
AUTOMAKE='${SHELL} '\''/home/w/Desktop/h5utils-1.13.2/missing'\'' automake-1.16'
AWK='mawk'
CC='mpicc'
CCDEPMODE='depmode=gcc3'
CFLAGS='-g -O2'
CPPFLAGS=''
CSCOPE='cscope'
CTAGS='ctags'
CYGPATH_W='echo'
DEFS='-DHAVE_CONFIG_H'
DEPDIR='.deps'
ECHO_C=''
ECHO_N='-n'
ECHO_T=''
ETAGS='etags'
EXEEXT=''
H4TOH5=''
H4_LIBS=''
H5READ=''
H5TOH4=''
H5TOPNG_MAN=''
INSTALL_DATA='${INSTALL} -m 644'
INSTALL_PROGRAM='${INSTALL}'
INSTALL_SCRIPT='${INSTALL}'
INSTALL_STRIP_PROGRAM='$(install_sh) -c -s'
LDFLAGS=''
LIBOBJS=''
LIBS='-lhdf5 -lz -lm '
LTLIBOBJS=''
MAINT='#'
MAINTAINER_MODE_FALSE=''
MAINTAINER_MODE_TRUE='#'
MAKEINFO='${SHELL} '\''/home/w/Desktop/h5utils-1.13.2/missing'\'' makeinfo'
MKDIR_P='/usr/bin/mkdir -p'
MKOCTFILE='echo'
MORE_H5UTILS=''
MORE_H5UTILS_MANS=''
OBJEXT='o'
OCTAVE=''
OCTAVE_CONFIG=''
OCT_INSTALL_DIR=''
PACKAGE='h5utils'
PACKAGE_BUGREPORT='stevenj@alum.mit.edu'
PACKAGE_NAME='h5utils'
PACKAGE_STRING='h5utils 1.13.2'
PACKAGE_TARNAME='h5utils'
PACKAGE_URL=''
PACKAGE_VERSION='1.13.2'
PATH_SEPARATOR=':'
PNG_LIBS=''
SET_MAKE=''
SHELL='/bin/bash'
STRIP=''
V5D_FILES=''
V5D_INCLUDES=''
VERSION='1.13.2'
ac_ct_CC='mpicc'
am__EXEEXT_FALSE=''
am__EXEEXT_TRUE='#'
am__fastdepCC_FALSE='#'
am__fastdepCC_TRUE=''
am__include='include'
am__isrc=''
am__leading_dot='.'
am__nodep='_no'
am__quote=''
am__tar='$${TAR-tar} chof - "$$tardir"'
am__untar='$${TAR-tar} xf -'
bindir='${exec_prefix}/bin'
build_alias=''
datadir='${datarootdir}'
datadir_val='/usr/local/share'
datarootdir='${prefix}/share'
docdir='${datarootdir}/doc/${PACKAGE_TARNAME}'
dvidir='${docdir}'
exec_prefix='${prefix}'
host_alias=''
htmldir='${docdir}'
includedir='${prefix}/include'
infodir='${datarootdir}/info'
install_sh='${SHELL} /home/w/Desktop/h5utils-1.13.2/install-sh'
libdir='${exec_prefix}/lib'
libexecdir='${exec_prefix}/libexec'
localedir='${datarootdir}/locale'
localstatedir='${prefix}/var'
mandir='${datarootdir}/man'
mkdir_p='$(MKDIR_P)'
oldincludedir='/usr/include'
pdfdir='${docdir}'
prefix='/usr/local'
program_transform_name='s,x,x,'
psdir='${docdir}'
runstatedir='${localstatedir}/run'
sbindir='${exec_prefix}/sbin'
sharedstatedir='${prefix}/com'
sysconfdir='${prefix}/etc'
target_alias=''

## ----------- ##
## confdefs.h. ##
## ----------- ##

/* confdefs.h */
#define PACKAGE_NAME "h5utils"
#define PACKAGE_TARNAME "h5utils"
#define PACKAGE_VERSION "1.13.2"
#define PACKAGE_STRING "h5utils 1.13.2"
#define PACKAGE_BUGREPORT "stevenj@alum.mit.edu"
#define PACKAGE_URL ""
#define PACKAGE "h5utils"
#define VERSION "1.13.2"
#define HAVE_LIBM 1
#define HAVE_SNPRINTF 1
#define HAVE_STDIO_H 1
#define HAVE_STDLIB_H 1
#define HAVE_STRING_H 1
#define HAVE_INTTYPES_H 1
#define HAVE_STDINT_H 1
#define HAVE_STRINGS_H 1
#define HAVE_SYS_STAT_H 1
#define HAVE_SYS_TYPES_H 1
#define HAVE_UNISTD_H 1
#define STDC_HEADERS 1
#define HAVE_ARPA_INET_H 1
#define HAVE_NETINET_IN_H 1
#define HAVE_STDINT_H 1
#define HAVE_INTTYPES_H 1
#define HAVE_UINT16_T 1
#define HAVE_UINT32_T 1
#define HAVE_HTONS 1
#define SIZEOF_FLOAT 4
#define HAVE_HTONL 1
#define DATADIR "/usr/local/share"
#define HAVE_WORDEXP_H 1
#define HAVE_WORDEXP 1

configure: exit 0
