This file contains any messages produced by compilers while
running configure, to aid debugging if configure makes a mistake.

It was created by harminv configure 1.4.2, which was
generated by GNU Autoconf 2.71.  Invocation command line was

  $ ./configure 'CFLAGS=-fPIC -O2' --enable-shared

## --------- ##
## Platform. ##
## --------- ##

hostname = B550
uname -m = x86_64
uname -r = 6.14.0-35-generic
uname -s = Linux
uname -v = #35~24.04.1-Ubuntu SMP PREEMPT_DYNAMIC Tue Oct 14 13:55:17 UTC 2

/usr/bin/uname -p = x86_64
/bin/uname -X     = unknown

/bin/arch              = x86_64
/usr/bin/arch -k       = unknown
/usr/convex/getsysinfo = unknown
/usr/bin/hostinfo      = unknown
/bin/machine           = unknown
/usr/bin/oslevel       = unknown
/bin/universe          = unknown

PATH: /usr/local/sbin/
PATH: /usr/local/bin/
PATH: /usr/sbin/
PATH: /usr/bin/
PATH: /sbin/
PATH: /bin/
PATH: /usr/games/
PATH: /usr/local/games/
PATH: /snap/bin/
PATH: /snap/bin/


## ----------- ##
## Core tests. ##
## ----------- ##

configure:2903: looking for aux files: ltmain.sh config.guess config.sub compile missing install-sh
configure:2916:  trying ./
configure:2945:   ./ltmain.sh found
configure:2945:   ./config.guess found
configure:2945:   ./config.sub found
configure:2945:   ./compile found
configure:2945:   ./missing found
configure:2927:   ./install-sh found
configure:3075: checking for a BSD-compatible install
configure:3148: result: /usr/bin/install -c
configure:3159: checking whether build environment is sane
configure:3214: result: yes
configure:3373: checking for a race-free mkdir -p
configure:3417: result: /usr/bin/mkdir -p
configure:3424: checking for gawk
configure:3459: result: no
configure:3424: checking for mawk
configure:3445: found /usr/bin/mawk
configure:3456: result: mawk
configure:3467: checking whether make sets $(MAKE)
configure:3490: result: yes
configure:3520: checking whether make supports nested variables
configure:3538: result: yes
configure:3686: checking whether make supports nested variables
configure:3704: result: yes
configure:3720: checking whether to enable maintainer-specific portions of Makefiles
configure:3730: result: no
configure:3864: checking for gcc
configure:3885: found /usr/bin/gcc
configure:3896: result: gcc
configure:4249: checking for C compiler version
configure:4258: gcc --version >&5
gcc (Ubuntu 13.3.0-6ubuntu2~24.04) 13.3.0
Copyright (C) 2023 Free Software Foundation, Inc.
This is free software; see the source for copying conditions.  There is NO
warranty; not even for MERCHANTABILITY or FITNESS FOR A PARTICULAR PURPOSE.

configure:4269: $? = 0
configure:4258: gcc -v >&5
Using built-in specs.
COLLECT_GCC=gcc
COLLECT_LTO_WRAPPER=/usr/libexec/gcc/x86_64-linux-gnu/13/lto-wrapper
OFFLOAD_TARGET_NAMES=nvptx-none:amdgcn-amdhsa
OFFLOAD_TARGET_DEFAULT=1
Target: x86_64-linux-gnu
Configured with: ../src/configure -v --with-pkgversion='Ubuntu 13.3.0-6ubuntu2~24.04' --with-bugurl=file:///usr/share/doc/gcc-13/README.Bugs --enable-languages=c,ada,c++,go,d,fortran,objc,obj-c++,m2 --prefix=/usr --with-gcc-major-version-only --program-suffix=-13 --program-prefix=x86_64-linux-gnu- --enable-shared --enable-linker-build-id --libexecdir=/usr/libexec --without-included-gettext --enable-threads=posix --libdir=/usr/lib --enable-nls --enable-bootstrap --enable-clocale=gnu --enable-libstdcxx-debug --enable-libstdcxx-time=yes --with-default-libstdcxx-abi=new --enable-libstdcxx-backtrace --enable-gnu-unique-object --disable-vtable-verify --enable-plugin --enable-default-pie --with-system-zlib --enable-libphobos-checking=release --with-target-system-zlib=auto --enable-objc-gc=auto --enable-multiarch --disable-werror --enable-cet --with-arch-32=i686 --with-abi=m64 --with-multilib-list=m32,m64,mx32 --enable-multilib --with-tune=generic --enable-offload-targets=nvptx-none=/build/gcc-13-fG75Ri/gcc-13-13.3.0/debian/tmp-nvptx/usr,amdgcn-amdhsa=/build/gcc-13-fG75Ri/gcc-13-13.3.0/debian/tmp-gcn/usr --enable-offload-defaulted --without-cuda-driver --enable-checking=release --build=x86_64-linux-gnu --host=x86_64-linux-gnu --target=x86_64-linux-gnu --with-build-config=bootstrap-lto-lean --enable-link-serialization=2
Thread model: posix
Supported LTO compression algorithms: zlib zstd
gcc version 13.3.0 (Ubuntu 13.3.0-6ubuntu2~24.04) 
... rest of stderr output deleted ...
configure:4269: $? = 0
configure:4258: gcc -V >&5
gcc: error: unrecognized command-line option '-V'
gcc: fatal error: no input files
compilation terminated.
configure:4269: $? = 1
configure:4258: gcc -qversion >&5
gcc: error: unrecognized command-line option '-qversion'; did you mean '--version'?
gcc: fatal error: no input files
compilation terminated.
configure:4269: $? = 1
configure:4258: gcc -version >&5
gcc: error: unrecognized command-line option '-version'
gcc: fatal error: no input files
compilation terminated.
configure:4269: $? = 1
configure:4289: checking whether the C compiler works
configure:4311: gcc -fPIC -O2   conftest.c  >&5
configure:4315: $? = 0
configure:4365: result: yes
configure:4368: checking for C compiler default output file name
configure:4370: result: a.out
configure:4376: checking for suffix of executables
configure:4383: gcc -o conftest -fPIC -O2   conftest.c  >&5
configure:4387: $? = 0
configure:4410: result: 
configure:4432: checking whether we are cross compiling
configure:4440: gcc -o conftest -fPIC -O2   conftest.c  >&5
configure:4444: $? = 0
configure:4451: ./conftest
configure:4455: $? = 0
configure:4470: result: no
configure:4475: checking for suffix of object files
configure:4498: gcc -c -fPIC -O2  conftest.c >&5
configure:4502: $? = 0
configure:4524: result: o
configure:4528: checking whether the compiler supports GNU C
configure:4548: gcc -c -fPIC -O2  conftest.c >&5
configure:4548: $? = 0
configure:4558: result: yes
configure:4569: checking whether gcc accepts -g
configure:4590: gcc -c -g  conftest.c >&5
configure:4590: $? = 0
configure:4634: result: yes
configure:4654: checking for gcc option to enable C11 features
configure:4669: gcc  -c -fPIC -O2  conftest.c >&5
configure:4669: $? = 0
configure:4687: result: none needed
configure:4803: checking whether gcc understands -c and -o together
configure:4826: gcc -c conftest.c -o conftest2.o
configure:4829: $? = 0
configure:4826: gcc -c conftest.c -o conftest2.o
configure:4829: $? = 0
configure:4841: result: yes
configure:4861: checking whether make supports the include directive
configure:4876: make -f confmf.GNU && cat confinc.out
this is the am__doit target
configure:4879: $? = 0
configure:4898: result: yes (GNU style)
configure:4924: checking dependency style of gcc
configure:5036: result: gcc3
configure:5051: checking whether make sets $(MAKE)
configure:5074: result: yes
configure:5144: checking for g77
configure:5179: result: no
configure:5144: checking for xlf
configure:5179: result: no
configure:5144: checking for f77
configure:5165: found /usr/bin/f77
configure:5176: result: f77
configure:5202: checking for Fortran 77 compiler version
configure:5211: f77 --version >&5
GNU Fortran (Ubuntu 13.3.0-6ubuntu2~24.04) 13.3.0
Copyright (C) 2023 Free Software Foundation, Inc.
This is free software; see the source for copying conditions.  There is NO
warranty; not even for MERCHANTABILITY or FITNESS FOR A PARTICULAR PURPOSE.

configure:5222: $? = 0
configure:5211: f77 -v >&5
Using built-in specs.
COLLECT_GCC=f77
COLLECT_LTO_WRAPPER=/usr/libexec/gcc/x86_64-linux-gnu/13/lto-wrapper
OFFLOAD_TARGET_NAMES=nvptx-none:amdgcn-amdhsa
OFFLOAD_TARGET_DEFAULT=1
Target: x86_64-linux-gnu
Configured with: ../src/configure -v --with-pkgversion='Ubuntu 13.3.0-6ubuntu2~24.04' --with-bugurl=file:///usr/share/doc/gcc-13/README.Bugs --enable-languages=c,ada,c++,go,d,fortran,objc,obj-c++,m2 --prefix=/usr --with-gcc-major-version-only --program-suffix=-13 --program-prefix=x86_64-linux-gnu- --enable-shared --enable-linker-build-id --libexecdir=/usr/libexec --without-included-gettext --enable-threads=posix --libdir=/usr/lib --enable-nls --enable-bootstrap --enable-clocale=gnu --enable-libstdcxx-debug --enable-libstdcxx-time=yes --with-default-libstdcxx-abi=new --enable-libstdcxx-backtrace --enable-gnu-unique-object --disable-vtable-verify --enable-plugin --enable-default-pie --with-system-zlib --enable-libphobos-checking=release --with-target-system-zlib=auto --enable-objc-gc=auto --enable-multiarch --disable-werror --enable-cet --with-arch-32=i686 --with-abi=m64 --with-multilib-list=m32,m64,mx32 --enable-multilib --with-tune=generic --enable-offload-targets=nvptx-none=/build/gcc-13-fG75Ri/gcc-13-13.3.0/debian/tmp-nvptx/usr,amdgcn-amdhsa=/build/gcc-13-fG75Ri/gcc-13-13.3.0/debian/tmp-gcn/usr --enable-offload-defaulted --without-cuda-driver --enable-checking=release --build=x86_64-linux-gnu --host=x86_64-linux-gnu --target=x86_64-linux-gnu --with-build-config=bootstrap-lto-lean --enable-link-serialization=2
Thread model: posix
Supported LTO compression algorithms: zlib zstd
gcc version 13.3.0 (Ubuntu 13.3.0-6ubuntu2~24.04) 
... rest of stderr output deleted ...
configure:5222: $? = 0
configure:5211: f77 -V >&5
f77: error: unrecognized command-line option '-V'
f77: fatal error: no input files
compilation terminated.
configure:5222: $? = 1
configure:5211: f77 -qversion >&5
f77: error: unrecognized command-line option '-qversion'; did you mean '--version'?
f77: fatal error: no input files
compilation terminated.
configure:5222: $? = 1
configure:5231: checking whether the compiler supports GNU Fortran 77
configure:5245: f77 -c  conftest.F >&5
configure:5245: $? = 0
configure:5255: result: yes
configure:5263: checking whether f77 accepts -g
configure:5275: f77 -c -g conftest.f >&5
configure:5275: $? = 0
configure:5284: result: yes
configure:5319: checking build system type
configure:5334: result: x86_64-pc-linux-gnu
configure:5354: checking host system type
configure:5368: result: x86_64-pc-linux-gnu
configure:5393: checking how to get verbose linking output from f77
configure:5404: f77 -c -g -O2 conftest.f >&5
configure:5404: $? = 0
configure:5423: f77 -o conftest -g -O2 -v conftest.f
Using built-in specs.
Target: x86_64-linux-gnu
Thread model: posix
Supported LTO compression algorithms: zlib zstd
gcc version 13.3.0 (Ubuntu 13.3.0-6ubuntu2~24.04) 
 /usr/libexec/gcc/x86_64-linux-gnu/13/f951 conftest.f -ffixed-form -quiet -dumpbase conftest.f -dumpbase-ext .f -mtune=generic -march=x86-64 -g -O2 -version -fintrinsic-modules-path /usr/lib/gcc/x86_64-linux-gnu/13/finclude -fpre-include=/usr/include/finclude/x86_64-linux-gnu/math-vector-fortran.h -o /tmp/cchyAPp3.s
GNU Fortran (Ubuntu 13.3.0-6ubuntu2~24.04) version 13.3.0 (x86_64-linux-gnu)
	compiled by GNU C version 13.3.0, GMP version 6.3.0, MPFR version 4.2.1, MPC version 1.3.1, isl version isl-0.26-GMP

GGC heuristics: --param ggc-min-expand=100 --param ggc-min-heapsize=131072
 as -v --gdwarf-5 --64 -o /tmp/ccrxnuza.o /tmp/cchyAPp3.s
GNU assembler version 2.42 (x86_64-linux-gnu) using BFD version (GNU Binutils for Ubuntu) 2.42
Reading specs from /usr/lib/gcc/x86_64-linux-gnu/13/libgfortran.spec
rename spec lib to liborig
 /usr/libexec/gcc/x86_64-linux-gnu/13/collect2 -plugin /usr/libexec/gcc/x86_64-linux-gnu/13/liblto_plugin.so -plugin-opt=/usr/libexec/gcc/x86_64-linux-gnu/13/lto-wrapper -plugin-opt=-fresolution=/tmp/ccCGxL1n.res -plugin-opt=-pass-through=-lgcc_s -plugin-opt=-pass-through=-lgcc -plugin-opt=-pass-through=-lquadmath -plugin-opt=-pass-through=-lm -plugin-opt=-pass-through=-lc -plugin-opt=-pass-through=-lgcc_s -plugin-opt=-pass-through=-lgcc --build-id --eh-frame-hdr -m elf_x86_64 --hash-style=gnu --as-needed -dynamic-linker /lib64/ld-linux-x86-64.so.2 -pie -z now -z relro -o conftest /usr/lib/gcc/x86_64-linux-gnu/13/../../../x86_64-linux-gnu/Scrt1.o /usr/lib/gcc/x86_64-linux-gnu/13/../../../x86_64-linux-gnu/crti.o /usr/lib/gcc/x86_64-linux-gnu/13/crtbeginS.o -L/usr/lib/gcc/x86_64-linux-gnu/13 -L/usr/lib/gcc/x86_64-linux-gnu/13/../../../x86_64-linux-gnu -L/usr/lib/gcc/x86_64-linux-gnu/13/../../../../lib -L/lib/x86_64-linux-gnu -L/lib/../lib -L/usr/lib/x86_64-linux-gnu -L/usr/lib/../lib -L/usr/lib/gcc/x86_64-linux-gnu/13/../../.. /tmp/ccrxnuza.o -lgfortran -lm -lgcc_s -lgcc --as-needed -lquadmath --no-as-needed -lm -lc -lgcc_s -lgcc /usr/lib/gcc/x86_64-linux-gnu/13/crtendS.o /usr/lib/gcc/x86_64-linux-gnu/13/../../../x86_64-linux-gnu/crtn.o
configure:5506: result: -v
configure:5508: checking for Fortran 77 libraries of f77
configure:5532: f77 -o conftest -g -O2 -v conftest.f
Using built-in specs.
Target: x86_64-linux-gnu
Thread model: posix
Supported LTO compression algorithms: zlib zstd
gcc version 13.3.0 (Ubuntu 13.3.0-6ubuntu2~24.04) 
 /usr/libexec/gcc/x86_64-linux-gnu/13/f951 conftest.f -ffixed-form -quiet -dumpbase conftest.f -dumpbase-ext .f -mtune=generic -march=x86-64 -g -O2 -version -fintrinsic-modules-path /usr/lib/gcc/x86_64-linux-gnu/13/finclude -fpre-include=/usr/include/finclude/x86_64-linux-gnu/math-vector-fortran.h -o /tmp/ccbOBuvv.s
GNU Fortran (Ubuntu 13.3.0-6ubuntu2~24.04) version 13.3.0 (x86_64-linux-gnu)
	compiled by GNU C version 13.3.0, GMP version 6.3.0, MPFR version 4.2.1, MPC version 1.3.1, isl version isl-0.26-GMP

GGC heuristics: --param ggc-min-expand=100 --param ggc-min-heapsize=131072
 as -v --gdwarf-5 --64 -o /tmp/ccuOc3ui.o /tmp/ccbOBuvv.s
GNU assembler version 2.42 (x86_64-linux-gnu) using BFD version (GNU Binutils for Ubuntu) 2.42
Reading specs from /usr/lib/gcc/x86_64-linux-gnu/13/libgfortran.spec
rename spec lib to liborig
 /usr/libexec/gcc/x86_64-linux-gnu/13/collect2 -plugin /usr/libexec/gcc/x86_64-linux-gnu/13/liblto_plugin.so -plugin-opt=/usr/libexec/gcc/x86_64-linux-gnu/13/lto-wrapper -plugin-opt=-fresolution=/tmp/ccuHzDI7.res -plugin-opt=-pass-through=-lgcc_s -plugin-opt=-pass-through=-lgcc -plugin-opt=-pass-through=-lquadmath -plugin-opt=-pass-through=-lm -plugin-opt=-pass-through=-lc -plugin-opt=-pass-through=-lgcc_s -plugin-opt=-pass-through=-lgcc --build-id --eh-frame-hdr -m elf_x86_64 --hash-style=gnu --as-needed -dynamic-linker /lib64/ld-linux-x86-64.so.2 -pie -z now -z relro -o conftest /usr/lib/gcc/x86_64-linux-gnu/13/../../../x86_64-linux-gnu/Scrt1.o /usr/lib/gcc/x86_64-linux-gnu/13/../../../x86_64-linux-gnu/crti.o /usr/lib/gcc/x86_64-linux-gnu/13/crtbeginS.o -L/usr/lib/gcc/x86_64-linux-gnu/13 -L/usr/lib/gcc/x86_64-linux-gnu/13/../../../x86_64-linux-gnu -L/usr/lib/gcc/x86_64-linux-gnu/13/../../../../lib -L/lib/x86_64-linux-gnu -L/lib/../lib -L/usr/lib/x86_64-linux-gnu -L/usr/lib/../lib -L/usr/lib/gcc/x86_64-linux-gnu/13/../../.. /tmp/ccuOc3ui.o -lgfortran -lm -lgcc_s -lgcc --as-needed -lquadmath --no-as-needed -lm -lc -lgcc_s -lgcc /usr/lib/gcc/x86_64-linux-gnu/13/crtendS.o /usr/lib/gcc/x86_64-linux-gnu/13/../../../x86_64-linux-gnu/crtn.o
configure:5748: result:  -L/usr/lib/gcc/x86_64-linux-gnu/13 -L/usr/lib/gcc/x86_64-linux-gnu/13/../../../x86_64-linux-gnu -L/usr/lib/gcc/x86_64-linux-gnu/13/../../../../lib -L/lib/x86_64-linux-gnu -L/lib/../lib -L/usr/lib/x86_64-linux-gnu -L/usr/lib/../lib -L/usr/lib/gcc/x86_64-linux-gnu/13/../../.. -lgfortran -lm -lquadmath
configure:5765: checking for dummy main to link with Fortran 77 libraries
configure:5800: gcc -o conftest -fPIC -O2   conftest.c   -L/usr/lib/gcc/x86_64-linux-gnu/13 -L/usr/lib/gcc/x86_64-linux-gnu/13/../../../x86_64-linux-gnu -L/usr/lib/gcc/x86_64-linux-gnu/13/../../../../lib -L/lib/x86_64-linux-gnu -L/lib/../lib -L/usr/lib/x86_64-linux-gnu -L/usr/lib/../lib -L/usr/lib/gcc/x86_64-linux-gnu/13/../../.. -lgfortran -lm -lquadmath >&5
configure:5800: $? = 0
configure:5847: result: none
configure:5879: checking for Fortran 77 name-mangling scheme
configure:5893: f77 -c -g -O2 conftest.f >&5
configure:5893: $? = 0
configure:5932: gcc -o conftest -fPIC -O2   conftest.c cfortran_test.o   -L/usr/lib/gcc/x86_64-linux-gnu/13 -L/usr/lib/gcc/x86_64-linux-gnu/13/../../../x86_64-linux-gnu -L/usr/lib/gcc/x86_64-linux-gnu/13/../../../../lib -L/lib/x86_64-linux-gnu -L/lib/../lib -L/usr/lib/x86_64-linux-gnu -L/usr/lib/../lib -L/usr/lib/gcc/x86_64-linux-gnu/13/../../.. -lgfortran -lm -lquadmath >&5
/usr/bin/ld: /tmp/ccLbDGFo.o: in function `main':
conftest.c:(.text.startup+0xb): undefined reference to `foobar'
collect2: error: ld returned 1 exit status
configure:5932: $? = 1
configure: failed program was:
| /* confdefs.h */
| #define PACKAGE_NAME "harminv"
| #define PACKAGE_TARNAME "harminv"
| #define PACKAGE_VERSION "1.4.2"
| #define PACKAGE_STRING "harminv 1.4.2"
| #define PACKAGE_BUGREPORT "stevenj@alum.mit.edu"
| #define PACKAGE_URL ""
| #define PACKAGE "harminv"
| #define VERSION "1.4.2"
| /* end confdefs.h.  */
| 
| /* Override any GCC internal prototype to avoid an error.
|    Use char because int might match the return type of a GCC
|    builtin and then its argument prototype would still apply.  */
| char foobar ();
| #ifdef F77_DUMMY_MAIN
| 
| #  ifdef __cplusplus
|      extern "C"
| #  endif
|    int F77_DUMMY_MAIN() { return 1; }
| 
| #endif
| int
| main (void)
| {
| return foobar ();
|   ;
|   return 0;
| }
configure:5932: gcc -o conftest -fPIC -O2   conftest.c cfortran_test.o   -L/usr/lib/gcc/x86_64-linux-gnu/13 -L/usr/lib/gcc/x86_64-linux-gnu/13/../../../x86_64-linux-gnu -L/usr/lib/gcc/x86_64-linux-gnu/13/../../../../lib -L/lib/x86_64-linux-gnu -L/lib/../lib -L/usr/lib/x86_64-linux-gnu -L/usr/lib/../lib -L/usr/lib/gcc/x86_64-linux-gnu/13/../../.. -lgfortran -lm -lquadmath >&5
configure:5932: $? = 0
configure:5988: gcc -o conftest -fPIC -O2   conftest.c cfortran_test.o   -L/usr/lib/gcc/x86_64-linux-gnu/13 -L/usr/lib/gcc/x86_64-linux-gnu/13/../../../x86_64-linux-gnu -L/usr/lib/gcc/x86_64-linux-gnu/13/../../../../lib -L/lib/x86_64-linux-gnu -L/lib/../lib -L/usr/lib/x86_64-linux-gnu -L/usr/lib/../lib -L/usr/lib/gcc/x86_64-linux-gnu/13/../../.. -lgfortran -lm -lquadmath >&5
configure:5988: $? = 0
configure:6031: result: lower case, underscore, no extra underscore
configure:6109: checking for stdio.h
configure:6109: gcc -c -fPIC -O2  conftest.c >&5
configure:6109: $? = 0
configure:6109: result: yes
configure:6109: checking for stdlib.h
configure:6109: gcc -c -fPIC -O2  conftest.c >&5
configure:6109: $? = 0
configure:6109: result: yes
configure:6109: checking for string.h
configure:6109: gcc -c -fPIC -O2  conftest.c >&5
configure:6109: $? = 0
configure:6109: result: yes
configure:6109: checking for inttypes.h
configure:6109: gcc -c -fPIC -O2  conftest.c >&5
configure:6109: $? = 0
configure:6109: result: yes
configure:6109: checking for stdint.h
configure:6109: gcc -c -fPIC -O2  conftest.c >&5
configure:6109: $? = 0
configure:6109: result: yes
configure:6109: checking for strings.h
configure:6109: gcc -c -fPIC -O2  conftest.c >&5
configure:6109: $? = 0
configure:6109: result: yes
configure:6109: checking for sys/stat.h
configure:6109: gcc -c -fPIC -O2  conftest.c >&5
configure:6109: $? = 0
configure:6109: result: yes
configure:6109: checking for sys/types.h
configure:6109: gcc -c -fPIC -O2  conftest.c >&5
configure:6109: $? = 0
configure:6109: result: yes
configure:6109: checking for unistd.h
configure:6109: gcc -c -fPIC -O2  conftest.c >&5
configure:6109: $? = 0
configure:6109: result: yes
configure:6134: checking for unistd.h
configure:6134: result: yes
configure:6140: checking for getopt.h
configure:6140: gcc -c -fPIC -O2  conftest.c >&5
configure:6140: $? = 0
configure:6140: result: yes
configure:6215: checking for gcc
configure:6247: result: gcc
configure:6600: checking for C compiler version
configure:6609: gcc --version >&5
gcc (Ubuntu 13.3.0-6ubuntu2~24.04) 13.3.0
Copyright (C) 2023 Free Software Foundation, Inc.
This is free software; see the source for copying conditions.  There is NO
warranty; not even for MERCHANTABILITY or FITNESS FOR A PARTICULAR PURPOSE.

configure:6620: $? = 0
configure:6609: gcc -v >&5
Using built-in specs.
COLLECT_GCC=gcc
COLLECT_LTO_WRAPPER=/usr/libexec/gcc/x86_64-linux-gnu/13/lto-wrapper
OFFLOAD_TARGET_NAMES=nvptx-none:amdgcn-amdhsa
OFFLOAD_TARGET_DEFAULT=1
Target: x86_64-linux-gnu
Configured with: ../src/configure -v --with-pkgversion='Ubuntu 13.3.0-6ubuntu2~24.04' --with-bugurl=file:///usr/share/doc/gcc-13/README.Bugs --enable-languages=c,ada,c++,go,d,fortran,objc,obj-c++,m2 --prefix=/usr --with-gcc-major-version-only --program-suffix=-13 --program-prefix=x86_64-linux-gnu- --enable-shared --enable-linker-build-id --libexecdir=/usr/libexec --without-included-gettext --enable-threads=posix --libdir=/usr/lib --enable-nls --enable-bootstrap --enable-clocale=gnu --enable-libstdcxx-debug --enable-libstdcxx-time=yes --with-default-libstdcxx-abi=new --enable-libstdcxx-backtrace --enable-gnu-unique-object --disable-vtable-verify --enable-plugin --enable-default-pie --with-system-zlib --enable-libphobos-checking=release --with-target-system-zlib=auto --enable-objc-gc=auto --enable-multiarch --disable-werror --enable-cet --with-arch-32=i686 --with-abi=m64 --with-multilib-list=m32,m64,mx32 --enable-multilib --with-tune=generic --enable-offload-targets=nvptx-none=/build/gcc-13-fG75Ri/gcc-13-13.3.0/debian/tmp-nvptx/usr,amdgcn-amdhsa=/build/gcc-13-fG75Ri/gcc-13-13.3.0/debian/tmp-gcn/usr --enable-offload-defaulted --without-cuda-driver --enable-checking=release --build=x86_64-linux-gnu --host=x86_64-linux-gnu --target=x86_64-linux-gnu --with-build-config=bootstrap-lto-lean --enable-link-serialization=2
Thread model: posix
Supported LTO compression algorithms: zlib zstd
gcc version 13.3.0 (Ubuntu 13.3.0-6ubuntu2~24.04) 
... rest of stderr output deleted ...
configure:6620: $? = 0
configure:6609: gcc -V >&5
gcc: error: unrecognized command-line option '-V'
gcc: fatal error: no input files
compilation terminated.
configure:6620: $? = 1
configure:6609: gcc -qversion >&5
gcc: error: unrecognized command-line option '-qversion'; did you mean '--version'?
gcc: fatal error: no input files
compilation terminated.
configure:6620: $? = 1
configure:6609: gcc -version >&5
gcc: error: unrecognized command-line option '-version'
gcc: fatal error: no input files
compilation terminated.
configure:6620: $? = 1
configure:6624: checking whether the compiler supports GNU C
configure:6662: result: yes
configure:6673: checking whether gcc accepts -g
configure:6762: result: yes
configure:6782: checking for gcc option to enable C11 features
configure:6815: result: none needed
configure:6931: checking whether gcc understands -c and -o together
configure:6977: result: yes
configure:6996: checking dependency style of gcc
configure:7108: result: gcc3
configure:7125: checking for complex.h
configure:7125: gcc -c -fPIC -O2  conftest.c >&5
configure:7125: $? = 0
configure:7125: result: yes
configure:7132: checking for C complex keyword
configure:7159: gcc -c -fPIC -O2  conftest.c >&5
configure:7159: $? = 0
configure:7167: result: complex
configure:7181: checking for C complex I constant
configure:7208: gcc -c -fPIC -O2  conftest.c >&5
configure:7208: $? = 0
configure:7216: result: I
configure:7230: checking for CX_LIMITED_RANGE_ON macro
configure:7256: gcc -c -fPIC -O2  conftest.c >&5
conftest.c: In function 'main':
conftest.c:38:1: error: 'CX_LIMITED_RANGE_ON' undeclared (first use in this function)
   38 | CX_LIMITED_RANGE_ON;
      | ^~~~~~~~~~~~~~~~~~~
conftest.c:38:1: note: each undeclared identifier is reported only once for each function it appears in
configure:7256: $? = 1
configure: failed program was:
| /* confdefs.h */
| #define PACKAGE_NAME "harminv"
| #define PACKAGE_TARNAME "harminv"
| #define PACKAGE_VERSION "1.4.2"
| #define PACKAGE_STRING "harminv 1.4.2"
| #define PACKAGE_BUGREPORT "stevenj@alum.mit.edu"
| #define PACKAGE_URL ""
| #define PACKAGE "harminv"
| #define VERSION "1.4.2"
| #define F77_FUNC(name,NAME) name ## _
| #define F77_FUNC_(name,NAME) name ## _
| #define HAVE_STDIO_H 1
| #define HAVE_STDLIB_H 1
| #define HAVE_STRING_H 1
| #define HAVE_INTTYPES_H 1
| #define HAVE_STDINT_H 1
| #define HAVE_STRINGS_H 1
| #define HAVE_SYS_STAT_H 1
| #define HAVE_SYS_TYPES_H 1
| #define HAVE_UNISTD_H 1
| #define STDC_HEADERS 1
| #define HAVE_UNISTD_H 1
| #define HAVE_GETOPT_H 1
| #define HAVE_COMPLEX_H 1
| /* end confdefs.h.  */
| #include <complex.h>
| #ifdef F77_DUMMY_MAIN
| 
| #  ifdef __cplusplus
|      extern "C"
| #  endif
|    int F77_DUMMY_MAIN() { return 1; }
| 
| #endif
| int
| main (void)
| {
| CX_LIMITED_RANGE_ON;
|   ;
|   return 0;
| }
configure:7262: result: no
configure:7275: checking for carg
configure:7275: gcc -o conftest -fPIC -O2   conftest.c  >&5
conftest.c:43:6: warning: conflicting types for built-in function 'carg'; expected 'double(_Complex double)' [-Wbuiltin-declaration-mismatch]
   43 | char carg ();
      |      ^~~~
conftest.c:35:1: note: 'carg' is declared in header '<complex.h>'
   34 | #include <limits.h>
   35 | #undef carg
/usr/bin/ld: /tmp/ccnfoItA.o: in function `main':
conftest.c:(.text.startup+0xb): undefined reference to `carg'
collect2: error: ld returned 1 exit status
configure:7275: $? = 1
configure: failed program was:
| /* confdefs.h */
| #define PACKAGE_NAME "harminv"
| #define PACKAGE_TARNAME "harminv"
| #define PACKAGE_VERSION "1.4.2"
| #define PACKAGE_STRING "harminv 1.4.2"
| #define PACKAGE_BUGREPORT "stevenj@alum.mit.edu"
| #define PACKAGE_URL ""
| #define PACKAGE "harminv"
| #define VERSION "1.4.2"
| #define F77_FUNC(name,NAME) name ## _
| #define F77_FUNC_(name,NAME) name ## _
| #define HAVE_STDIO_H 1
| #define HAVE_STDLIB_H 1
| #define HAVE_STRING_H 1
| #define HAVE_INTTYPES_H 1
| #define HAVE_STDINT_H 1
| #define HAVE_STRINGS_H 1
| #define HAVE_SYS_STAT_H 1
| #define HAVE_SYS_TYPES_H 1
| #define HAVE_UNISTD_H 1
| #define STDC_HEADERS 1
| #define HAVE_UNISTD_H 1
| #define HAVE_GETOPT_H 1
| #define HAVE_COMPLEX_H 1
| #define CX_LIMITED_RANGE_ON 0
| /* end confdefs.h.  */
| /* Define carg to an innocuous variant, in case <limits.h> declares carg.
|    For example, HP-UX 11i <limits.h> declares gettimeofday.  */
| #define carg innocuous_carg
| 
| /* System header to define __stub macros and hopefully few prototypes,
|    which can conflict with char carg (); below.  */
| 
| #include <limits.h>
| #undef carg
| 
| /* Override any GCC internal prototype to avoid an error.
|    Use char because int might match the return type of a GCC
|    builtin and then its argument prototype would still apply.  */
| #ifdef __cplusplus
| extern "C"
| #endif
| char carg ();
| /* The GNU C library defines this for functions which it implements
|     to always fail with ENOSYS.  Some functions are actually named
|     something starting with __ and the normal name is an alias.  */
| #if defined __stub_carg || defined __stub___carg
| choke me
| #endif
| 
| #ifdef F77_DUMMY_MAIN
| 
| #  ifdef __cplusplus
|      extern "C"
| #  endif
|    int F77_DUMMY_MAIN() { return 1; }
| 
| #endif
| int
| main (void)
| {
| return carg ();
|   ;
|   return 0;
| }
configure:7275: result: no
configure:7355: checking for g++
configure:7376: found /usr/bin/g++
configure:7387: result: g++
configure:7414: checking for C++ compiler version
configure:7423: g++ --version >&5
g++ (Ubuntu 13.3.0-6ubuntu2~24.04) 13.3.0
Copyright (C) 2023 Free Software Foundation, Inc.
This is free software; see the source for copying conditions.  There is NO
warranty; not even for MERCHANTABILITY or FITNESS FOR A PARTICULAR PURPOSE.

configure:7434: $? = 0
configure:7423: g++ -v >&5
Using built-in specs.
COLLECT_GCC=g++
COLLECT_LTO_WRAPPER=/usr/libexec/gcc/x86_64-linux-gnu/13/lto-wrapper
OFFLOAD_TARGET_NAMES=nvptx-none:amdgcn-amdhsa
OFFLOAD_TARGET_DEFAULT=1
Target: x86_64-linux-gnu
Configured with: ../src/configure -v --with-pkgversion='Ubuntu 13.3.0-6ubuntu2~24.04' --with-bugurl=file:///usr/share/doc/gcc-13/README.Bugs --enable-languages=c,ada,c++,go,d,fortran,objc,obj-c++,m2 --prefix=/usr --with-gcc-major-version-only --program-suffix=-13 --program-prefix=x86_64-linux-gnu- --enable-shared --enable-linker-build-id --libexecdir=/usr/libexec --without-included-gettext --enable-threads=posix --libdir=/usr/lib --enable-nls --enable-bootstrap --enable-clocale=gnu --enable-libstdcxx-debug --enable-libstdcxx-time=yes --with-default-libstdcxx-abi=new --enable-libstdcxx-backtrace --enable-gnu-unique-object --disable-vtable-verify --enable-plugin --enable-default-pie --with-system-zlib --enable-libphobos-checking=release --with-target-system-zlib=auto --enable-objc-gc=auto --enable-multiarch --disable-werror --enable-cet --with-arch-32=i686 --with-abi=m64 --with-multilib-list=m32,m64,mx32 --enable-multilib --with-tune=generic --enable-offload-targets=nvptx-none=/build/gcc-13-fG75Ri/gcc-13-13.3.0/debian/tmp-nvptx/usr,amdgcn-amdhsa=/build/gcc-13-fG75Ri/gcc-13-13.3.0/debian/tmp-gcn/usr --enable-offload-defaulted --without-cuda-driver --enable-checking=release --build=x86_64-linux-gnu --host=x86_64-linux-gnu --target=x86_64-linux-gnu --with-build-config=bootstrap-lto-lean --enable-link-serialization=2
Thread model: posix
Supported LTO compression algorithms: zlib zstd
gcc version 13.3.0 (Ubuntu 13.3.0-6ubuntu2~24.04) 
... rest of stderr output deleted ...
configure:7434: $? = 0
configure:7423: g++ -V >&5
g++: error: unrecognized command-line option '-V'
g++: fatal error: no input files
compilation terminated.
configure:7434: $? = 1
configure:7423: g++ -qversion >&5
g++: error: unrecognized command-line option '-qversion'; did you mean '--version'?
g++: fatal error: no input files
compilation terminated.
configure:7434: $? = 1
configure:7438: checking whether the compiler supports GNU C++
configure:7466: g++ -c   conftest.cpp >&5
configure:7466: $? = 0
configure:7476: result: yes
configure:7487: checking whether g++ accepts -g
configure:7516: g++ -c -g  conftest.cpp >&5
configure:7516: $? = 0
configure:7576: result: yes
configure:7596: checking for g++ option to enable C++11 features
configure:7611: g++  -c -g -O2  conftest.cpp >&5
conftest.cpp: In function 'int main(int, char**)':
conftest.cpp:193:25: warning: empty parentheses were disambiguated as a function declaration [-Wvexing-parse]
  193 |   cxx11test::delegate d2();
      |                         ^~
conftest.cpp:193:25: note: remove parentheses to default-initialize a variable
  193 |   cxx11test::delegate d2();
      |                         ^~
      |                         --
conftest.cpp:193:25: note: or replace parentheses with braces to value-initialize a variable
configure:7611: $? = 0
configure:7629: result: none needed
configure:7695: checking dependency style of g++
configure:7807: result: gcc3
configure:7829: checking for long double
configure:7829: gcc -c -fPIC -O2  conftest.c >&5
configure:7829: $? = 0
configure:7829: gcc -c -fPIC -O2  conftest.c >&5
conftest.c: In function 'main':
conftest.c:66:26: error: expected expression before ')' token
   66 | if (sizeof ((long double)))
      |                          ^
configure:7829: $? = 1
configure: failed program was:
| /* confdefs.h */
| #define PACKAGE_NAME "harminv"
| #define PACKAGE_TARNAME "harminv"
| #define PACKAGE_VERSION "1.4.2"
| #define PACKAGE_STRING "harminv 1.4.2"
| #define PACKAGE_BUGREPORT "stevenj@alum.mit.edu"
| #define PACKAGE_URL ""
| #define PACKAGE "harminv"
| #define VERSION "1.4.2"
| #define F77_FUNC(name,NAME) name ## _
| #define F77_FUNC_(name,NAME) name ## _
| #define HAVE_STDIO_H 1
| #define HAVE_STDLIB_H 1
| #define HAVE_STRING_H 1
| #define HAVE_INTTYPES_H 1
| #define HAVE_STDINT_H 1
| #define HAVE_STRINGS_H 1
| #define HAVE_SYS_STAT_H 1
| #define HAVE_SYS_TYPES_H 1
| #define HAVE_UNISTD_H 1
| #define STDC_HEADERS 1
| #define HAVE_UNISTD_H 1
| #define HAVE_GETOPT_H 1
| #define HAVE_COMPLEX_H 1
| #define CX_LIMITED_RANGE_ON 0
| /* end confdefs.h.  */
| #include <stddef.h>
| #ifdef HAVE_STDIO_H
| # include <stdio.h>
| #endif
| #ifdef HAVE_STDLIB_H
| # include <stdlib.h>
| #endif
| #ifdef HAVE_STRING_H
| # include <string.h>
| #endif
| #ifdef HAVE_INTTYPES_H
| # include <inttypes.h>
| #endif
| #ifdef HAVE_STDINT_H
| # include <stdint.h>
| #endif
| #ifdef HAVE_STRINGS_H
| # include <strings.h>
| #endif
| #ifdef HAVE_SYS_TYPES_H
| # include <sys/types.h>
| #endif
| #ifdef HAVE_SYS_STAT_H
| # include <sys/stat.h>
| #endif
| #ifdef HAVE_UNISTD_H
| # include <unistd.h>
| #endif
| #ifdef F77_DUMMY_MAIN
| 
| #  ifdef __cplusplus
|      extern "C"
| #  endif
|    int F77_DUMMY_MAIN() { return 1; }
| 
| #endif
| int
| main (void)
| {
| if (sizeof ((long double)))
| 	    return 0;
|   ;
|   return 0;
| }
configure:7829: result: yes
configure:7888: checking how to print strings
configure:7915: result: printf
configure:7936: checking for a sed that does not truncate output
configure:8006: result: /usr/bin/sed
configure:8024: checking for grep that handles long lines and -e
configure:8088: result: /usr/bin/grep
configure:8093: checking for egrep
configure:8161: result: /usr/bin/grep -E
configure:8166: checking for fgrep
configure:8234: result: /usr/bin/grep -F
configure:8270: checking for ld used by gcc
configure:8338: result: /usr/bin/ld
configure:8345: checking if the linker (/usr/bin/ld) is GNU ld
configure:8361: result: yes
configure:8373: checking for BSD- or MS-compatible name lister (nm)
configure:8428: result: /usr/bin/nm -B
configure:8568: checking the name lister (/usr/bin/nm -B) interface
configure:8576: gcc -c -fPIC -O2  conftest.c >&5
configure:8579: /usr/bin/nm -B "conftest.o"
configure:8582: output
0000000000000000 B some_variable
configure:8589: result: BSD nm
configure:8592: checking whether ln -s works
configure:8596: result: yes
configure:8604: checking the maximum length of command line arguments
configure:8736: result: 1572864
configure:8784: checking how to convert x86_64-pc-linux-gnu file names to x86_64-pc-linux-gnu format
configure:8825: result: func_convert_file_noop
configure:8832: checking how to convert x86_64-pc-linux-gnu file names to toolchain format
configure:8853: result: func_convert_file_noop
configure:8860: checking for /usr/bin/ld option to reload object files
configure:8868: result: -r
configure:8947: checking for file
configure:8968: found /usr/bin/file
configure:8979: result: file
configure:9055: checking for objdump
configure:9076: found /usr/bin/objdump
configure:9087: result: objdump
configure:9119: checking how to recognize dependent libraries
configure:9320: result: pass_all
configure:9410: checking for dlltool
configure:9445: result: no
configure:9475: checking how to associate runtime and link libraries
configure:9503: result: printf %s\n
configure:9568: checking for ar
configure:9589: found /usr/bin/ar
configure:9600: result: ar
configure:9653: checking for archiver @FILE support
configure:9679: gcc -c -fPIC -O2  conftest.c >&5
configure:9679: $? = 0
configure:9683: ar cr libconftest.a @conftest.lst >&5
configure:9686: $? = 0
configure:9691: ar cr libconftest.a @conftest.lst >&5
ar: conftest.o: No such file or directory
configure:9694: $? = 1
configure:9706: result: @
configure:9769: checking for strip
configure:9790: found /usr/bin/strip
configure:9801: result: strip
configure:9878: checking for ranlib
configure:9899: found /usr/bin/ranlib
configure:9910: result: ranlib
configure:10012: checking command to parse /usr/bin/nm -B output from gcc object
configure:10166: gcc -c -fPIC -O2  conftest.c >&5
configure:10169: $? = 0
configure:10173: /usr/bin/nm -B conftest.o \| /usr/bin/sed -n -e 's/^.*[ ]\([ABCDGIRSTW][ABCDGIRSTW]*\)[ ][ ]*\([_A-Za-z][_A-Za-z0-9]*\)$/\1 \2 \2/p' | /usr/bin/sed '/ __gnu_lto/d' \> conftest.nm
configure:10176: $? = 0
configure:10242: gcc -o conftest -fPIC -O2   conftest.c conftstm.o >&5
configure:10245: $? = 0
configure:10283: result: ok
configure:10330: checking for sysroot
configure:10361: result: no
configure:10368: checking for a working dd
configure:10412: result: /usr/bin/dd
configure:10416: checking how to truncate binary pipes
configure:10432: result: /usr/bin/dd bs=4096 count=1
configure:10569: gcc -c -fPIC -O2  conftest.c >&5
configure:10572: $? = 0
configure:10777: checking for mt
configure:10798: found /usr/bin/mt
configure:10809: result: mt
configure:10832: checking if mt is a manifest tool
configure:10839: mt '-?'
configure:10847: result: no
configure:11576: checking for dlfcn.h
configure:11576: gcc -c -fPIC -O2  conftest.c >&5
configure:11576: $? = 0
configure:11576: result: yes
configure:11815: checking for objdir
configure:11831: result: .libs
configure:12095: checking if gcc supports -fno-rtti -fno-exceptions
configure:12114: gcc -c -fPIC -O2  -fno-rtti -fno-exceptions conftest.c >&5
cc1: warning: command-line option '-fno-rtti' is valid for C++/D/ObjC++ but not for C
configure:12118: $? = 0
configure:12131: result: no
configure:12489: checking for gcc option to produce PIC
configure:12497: result: -fPIC -DPIC
configure:12505: checking if gcc PIC flag -fPIC -DPIC works
configure:12524: gcc -c -fPIC -O2  -fPIC -DPIC -DPIC conftest.c >&5
configure:12528: $? = 0
configure:12541: result: yes
configure:12570: checking if gcc static flag -static works
configure:12599: result: yes
configure:12614: checking if gcc supports -c -o file.o
configure:12636: gcc -c -fPIC -O2  -o out/conftest2.o conftest.c >&5
configure:12640: $? = 0
configure:12662: result: yes
configure:12670: checking if gcc supports -c -o file.o
configure:12718: result: yes
configure:12751: checking whether the gcc linker (/usr/bin/ld -m elf_x86_64) supports shared libraries
configure:14035: result: yes
configure:14072: checking whether -lc should be explicitly linked in
configure:14081: gcc -c -fPIC -O2  conftest.c >&5
configure:14084: $? = 0
configure:14099: gcc -shared  -fPIC -DPIC conftest.o  -v -Wl,-soname -Wl,conftest -o conftest 2\>\&1 \| /usr/bin/grep  -lc  \>/dev/null 2\>\&1
configure:14102: $? = 0
configure:14116: result: no
configure:14276: checking dynamic linker characteristics
configure:14866: gcc -o conftest -fPIC -O2   -Wl,-rpath -Wl,/foo conftest.c  >&5
configure:14866: $? = 0
configure:15105: result: GNU/Linux ld.so
configure:15227: checking how to hardcode library paths into programs
configure:15252: result: immediate
configure:15844: checking whether stripping libraries is possible
configure:15853: result: yes
configure:15895: checking if libtool supports shared libraries
configure:15897: result: yes
configure:15900: checking whether to build shared libraries
configure:15925: result: yes
configure:15928: checking whether to build static libraries
configure:15932: result: yes
configure:15955: checking how to run the C++ preprocessor
configure:15977: g++ -E  conftest.cpp
configure:15977: $? = 0
configure:15992: g++ -E  conftest.cpp
conftest.cpp:30:10: fatal error: ac_nonexistent.h: No such file or directory
   30 | #include <ac_nonexistent.h>
      |          ^~~~~~~~~~~~~~~~~~
compilation terminated.
configure:15992: $? = 1
configure: failed program was:
| /* confdefs.h */
| #define PACKAGE_NAME "harminv"
| #define PACKAGE_TARNAME "harminv"
| #define PACKAGE_VERSION "1.4.2"
| #define PACKAGE_STRING "harminv 1.4.2"
| #define PACKAGE_BUGREPORT "stevenj@alum.mit.edu"
| #define PACKAGE_URL ""
| #define PACKAGE "harminv"
| #define VERSION "1.4.2"
| #define F77_FUNC(name,NAME) name ## _
| #define F77_FUNC_(name,NAME) name ## _
| #define HAVE_STDIO_H 1
| #define HAVE_STDLIB_H 1
| #define HAVE_STRING_H 1
| #define HAVE_INTTYPES_H 1
| #define HAVE_STDINT_H 1
| #define HAVE_STRINGS_H 1
| #define HAVE_SYS_STAT_H 1
| #define HAVE_SYS_TYPES_H 1
| #define HAVE_UNISTD_H 1
| #define STDC_HEADERS 1
| #define HAVE_UNISTD_H 1
| #define HAVE_GETOPT_H 1
| #define HAVE_COMPLEX_H 1
| #define CX_LIMITED_RANGE_ON 0
| #define HAVE_LONG_DOUBLE 1
| #define HAVE_DLFCN_H 1
| #define LT_OBJDIR ".libs/"
| /* end confdefs.h.  */
| #include <ac_nonexistent.h>
configure:16019: result: g++ -E
configure:16033: g++ -E  conftest.cpp
configure:16033: $? = 0
configure:16048: g++ -E  conftest.cpp
conftest.cpp:30:10: fatal error: ac_nonexistent.h: No such file or directory
   30 | #include <ac_nonexistent.h>
      |          ^~~~~~~~~~~~~~~~~~
compilation terminated.
configure:16048: $? = 1
configure: failed program was:
| /* confdefs.h */
| #define PACKAGE_NAME "harminv"
| #define PACKAGE_TARNAME "harminv"
| #define PACKAGE_VERSION "1.4.2"
| #define PACKAGE_STRING "harminv 1.4.2"
| #define PACKAGE_BUGREPORT "stevenj@alum.mit.edu"
| #define PACKAGE_URL ""
| #define PACKAGE "harminv"
| #define VERSION "1.4.2"
| #define F77_FUNC(name,NAME) name ## _
| #define F77_FUNC_(name,NAME) name ## _
| #define HAVE_STDIO_H 1
| #define HAVE_STDLIB_H 1
| #define HAVE_STRING_H 1
| #define HAVE_INTTYPES_H 1
| #define HAVE_STDINT_H 1
| #define HAVE_STRINGS_H 1
| #define HAVE_SYS_STAT_H 1
| #define HAVE_SYS_TYPES_H 1
| #define HAVE_UNISTD_H 1
| #define STDC_HEADERS 1
| #define HAVE_UNISTD_H 1
| #define HAVE_GETOPT_H 1
| #define HAVE_COMPLEX_H 1
| #define CX_LIMITED_RANGE_ON 0
| #define HAVE_LONG_DOUBLE 1
| #define HAVE_DLFCN_H 1
| #define LT_OBJDIR ".libs/"
| /* end confdefs.h.  */
| #include <ac_nonexistent.h>
configure:16213: checking for ld used by g++
configure:16281: result: /usr/bin/ld -m elf_x86_64
configure:16288: checking if the linker (/usr/bin/ld -m elf_x86_64) is GNU ld
configure:16304: result: yes
configure:16359: checking whether the g++ linker (/usr/bin/ld -m elf_x86_64) supports shared libraries
configure:17453: result: yes
configure:17489: g++ -c -g -O2  conftest.cpp >&5
configure:17492: $? = 0
configure:17973: checking for g++ option to produce PIC
configure:17981: result: -fPIC -DPIC
configure:17989: checking if g++ PIC flag -fPIC -DPIC works
configure:18008: g++ -c -g -O2  -fPIC -DPIC -DPIC conftest.cpp >&5
configure:18012: $? = 0
configure:18025: result: yes
configure:18048: checking if g++ static flag -static works
configure:18077: result: yes
configure:18089: checking if g++ supports -c -o file.o
configure:18111: g++ -c -g -O2  -o out/conftest2.o conftest.cpp >&5
configure:18115: $? = 0
configure:18137: result: yes
configure:18142: checking if g++ supports -c -o file.o
configure:18190: result: yes
configure:18220: checking whether the g++ linker (/usr/bin/ld -m elf_x86_64) supports shared libraries
configure:18260: result: yes
configure:18402: checking dynamic linker characteristics
configure:19158: result: GNU/Linux ld.so
configure:19223: checking how to hardcode library paths into programs
configure:19248: result: immediate
configure:19389: checking if libtool supports shared libraries
configure:19391: result: yes
configure:19394: checking whether to build shared libraries
configure:19418: result: yes
configure:19421: checking whether to build static libraries
configure:19425: result: yes
configure:19777: checking for f77 option to produce PIC
configure:19785: result: -fPIC
configure:19793: checking if f77 PIC flag -fPIC works
configure:19812: f77 -c -g -O2 -fPIC conftest.f >&5
configure:19816: $? = 0
configure:19829: result: yes
configure:19852: checking if f77 static flag -static works
configure:19881: result: yes
configure:19893: checking if f77 supports -c -o file.o
configure:19915: f77 -c -g -O2 -o out/conftest2.o conftest.f >&5
configure:19919: $? = 0
configure:19941: result: yes
configure:19946: checking if f77 supports -c -o file.o
configure:19994: result: yes
configure:20024: checking whether the f77 linker (/usr/bin/ld -m elf_x86_64) supports shared libraries
configure:21241: result: yes
configure:21383: checking dynamic linker characteristics
configure:22125: result: GNU/Linux ld.so
configure:22190: checking how to hardcode library paths into programs
configure:22215: result: immediate
configure:22269: checking for sqrt in -lm
configure:22300: gcc -o conftest -fPIC -O2   conftest.c -lm   >&5
conftest.c:34:6: warning: conflicting types for built-in function 'sqrt'; expected 'double(double)' [-Wbuiltin-declaration-mismatch]
   34 | char sqrt ();
      |      ^~~~
conftest.c:1:1: note: 'sqrt' is declared in header '<math.h>'
    1 | /* confdefs.h */
configure:22300: $? = 0
configure:22310: result: yes
configure:22436: checking if sgemm_ is being linked in already
configure:22461: gcc -o conftest -fPIC -O2   conftest.c -lm   -L/usr/lib/gcc/x86_64-linux-gnu/13 -L/usr/lib/gcc/x86_64-linux-gnu/13/../../../x86_64-linux-gnu -L/usr/lib/gcc/x86_64-linux-gnu/13/../../../../lib -L/lib/x86_64-linux-gnu -L/lib/../lib -L/usr/lib/x86_64-linux-gnu -L/usr/lib/../lib -L/usr/lib/gcc/x86_64-linux-gnu/13/../../.. -lgfortran -lm -lquadmath >&5
/usr/bin/ld: /tmp/ccHULPqX.o: in function `main':
conftest.c:(.text.startup+0xb): undefined reference to `sgemm_'
collect2: error: ld returned 1 exit status
configure:22461: $? = 1
configure: failed program was:
| /* confdefs.h */
| #define PACKAGE_NAME "harminv"
| #define PACKAGE_TARNAME "harminv"
| #define PACKAGE_VERSION "1.4.2"
| #define PACKAGE_STRING "harminv 1.4.2"
| #define PACKAGE_BUGREPORT "stevenj@alum.mit.edu"
| #define PACKAGE_URL ""
| #define PACKAGE "harminv"
| #define VERSION "1.4.2"
| #define F77_FUNC(name,NAME) name ## _
| #define F77_FUNC_(name,NAME) name ## _
| #define HAVE_STDIO_H 1
| #define HAVE_STDLIB_H 1
| #define HAVE_STRING_H 1
| #define HAVE_INTTYPES_H 1
| #define HAVE_STDINT_H 1
| #define HAVE_STRINGS_H 1
| #define HAVE_SYS_STAT_H 1
| #define HAVE_SYS_TYPES_H 1
| #define HAVE_UNISTD_H 1
| #define STDC_HEADERS 1
| #define HAVE_UNISTD_H 1
| #define HAVE_GETOPT_H 1
| #define HAVE_COMPLEX_H 1
| #define CX_LIMITED_RANGE_ON 0
| #define HAVE_LONG_DOUBLE 1
| #define HAVE_DLFCN_H 1
| #define LT_OBJDIR ".libs/"
| #define HAVE_LIBM 1
| /* end confdefs.h.  */
| 
| /* Override any GCC internal prototype to avoid an error.
|    Use char because int might match the return type of a GCC
|    builtin and then its argument prototype would still apply.  */
| char sgemm_ ();
| #ifdef F77_DUMMY_MAIN
| 
| #  ifdef __cplusplus
|      extern "C"
| #  endif
|    int F77_DUMMY_MAIN() { return 1; }
| 
| #endif
| int
| main (void)
| {
| return sgemm_ ();
|   ;
|   return 0;
| }
configure:22467: result: no
configure:22475: checking for sgemm_ in -lopenblas
configure:22506: gcc -o conftest -fPIC -O2   conftest.c -lopenblas  -lm   -L/usr/lib/gcc/x86_64-linux-gnu/13 -L/usr/lib/gcc/x86_64-linux-gnu/13/../../../x86_64-linux-gnu -L/usr/lib/gcc/x86_64-linux-gnu/13/../../../../lib -L/lib/x86_64-linux-gnu -L/lib/../lib -L/usr/lib/x86_64-linux-gnu -L/usr/lib/../lib -L/usr/lib/gcc/x86_64-linux-gnu/13/../../.. -lgfortran -lm -lquadmath >&5
configure:22506: $? = 0
configure:22517: result: yes
configure:23726: checking for cheev_
configure:23726: gcc -o conftest -fPIC -O2   conftest.c -lm  -lopenblas  -L/usr/lib/gcc/x86_64-linux-gnu/13 -L/usr/lib/gcc/x86_64-linux-gnu/13/../../../x86_64-linux-gnu -L/usr/lib/gcc/x86_64-linux-gnu/13/../../../../lib -L/lib/x86_64-linux-gnu -L/lib/../lib -L/usr/lib/x86_64-linux-gnu -L/usr/lib/../lib -L/usr/lib/gcc/x86_64-linux-gnu/13/../../.. -lgfortran -lm -lquadmath >&5
configure:23726: $? = 0
configure:23726: result: yes
configure:23914: checking that generated files are newer than configure
configure:23920: result: done
configure:23955: creating ./config.status

## ---------------------- ##
## Running config.status. ##
## ---------------------- ##

This file was extended by harminv config.status 1.4.2, which was
generated by GNU Autoconf 2.71.  Invocation command line was

  CONFIG_FILES    = 
  CONFIG_HEADERS  = 
  CONFIG_LINKS    = 
  CONFIG_COMMANDS = 
  $ ./config.status 

on B550

config.status:1225: creating Makefile
config.status:1225: creating harminv.pc
config.status:1225: creating config.h
config.status:1454: executing depfiles commands
config.status:1531: cd .       && sed -e '/# am--include-marker/d' Makefile         | make -f - am--depfiles
config.status:1536: $? = 0
config.status:1454: executing libtool commands

## ---------------- ##
## Cache variables. ##
## ---------------- ##

ac_cv_build=x86_64-pc-linux-gnu
ac_cv_c_compiler_gnu=yes
ac_cv_cxx_compiler_gnu=yes
ac_cv_env_CCC_set=
ac_cv_env_CCC_value=
ac_cv_env_CC_set=
ac_cv_env_CC_value=
ac_cv_env_CFLAGS_set=set
ac_cv_env_CFLAGS_value='-fPIC -O2'
ac_cv_env_CPPFLAGS_set=
ac_cv_env_CPPFLAGS_value=
ac_cv_env_CXXCPP_set=
ac_cv_env_CXXCPP_value=
ac_cv_env_CXXFLAGS_set=
ac_cv_env_CXXFLAGS_value=
ac_cv_env_CXX_set=
ac_cv_env_CXX_value=
ac_cv_env_F77_set=
ac_cv_env_F77_value=
ac_cv_env_FFLAGS_set=
ac_cv_env_FFLAGS_value=
ac_cv_env_LDFLAGS_set=
ac_cv_env_LDFLAGS_value=
ac_cv_env_LIBS_set=
ac_cv_env_LIBS_value=
ac_cv_env_LT_SYS_LIBRARY_PATH_set=
ac_cv_env_LT_SYS_LIBRARY_PATH_value=
ac_cv_env_build_alias_set=
ac_cv_env_build_alias_value=
ac_cv_env_host_alias_set=
ac_cv_env_host_alias_value=
ac_cv_env_target_alias_set=
ac_cv_env_target_alias_value=
ac_cv_f77_compiler_gnu=yes
ac_cv_f77_dummy_main=none
ac_cv_f77_libs=' -L/usr/lib/gcc/x86_64-linux-gnu/13 -L/usr/lib/gcc/x86_64-linux-gnu/13/../../../x86_64-linux-gnu -L/usr/lib/gcc/x86_64-linux-gnu/13/../../../../lib -L/lib/x86_64-linux-gnu -L/lib/../lib -L/usr/lib/x86_64-linux-gnu -L/usr/lib/../lib -L/usr/lib/gcc/x86_64-linux-gnu/13/../../.. -lgfortran -lm -lquadmath'
ac_cv_f77_mangling='lower case, underscore, no extra underscore'
ac_cv_fortran_dummy_main=none
ac_cv_func_carg=no
ac_cv_func_cheev_=yes
ac_cv_header_complex_h=yes
ac_cv_header_dlfcn_h=yes
ac_cv_header_getopt_h=yes
ac_cv_header_inttypes_h=yes
ac_cv_header_stdint_h=yes
ac_cv_header_stdio_h=yes
ac_cv_header_stdlib_h=yes
ac_cv_header_string_h=yes
ac_cv_header_strings_h=yes
ac_cv_header_sys_stat_h=yes
ac_cv_header_sys_types_h=yes
ac_cv_header_unistd_h=yes
ac_cv_host=x86_64-pc-linux-gnu
ac_cv_lib_m_sqrt=yes
ac_cv_lib_openblas_sgemm_=yes
ac_cv_objext=o
ac_cv_path_EGREP='/usr/bin/grep -E'
ac_cv_path_FGREP='/usr/bin/grep -F'
ac_cv_path_GREP=/usr/bin/grep
ac_cv_path_SED=/usr/bin/sed
ac_cv_path_install='/usr/bin/install -c'
ac_cv_path_lt_DD=/usr/bin/dd
ac_cv_path_mkdir=/usr/bin/mkdir
ac_cv_prog_AWK=mawk
ac_cv_prog_CXXCPP='g++ -E'
ac_cv_prog_ac_ct_AR=ar
ac_cv_prog_ac_ct_CC=gcc
ac_cv_prog_ac_ct_CXX=g++
ac_cv_prog_ac_ct_F77=f77
ac_cv_prog_ac_ct_FILECMD=file
ac_cv_prog_ac_ct_MANIFEST_TOOL=mt
ac_cv_prog_ac_ct_OBJDUMP=objdump
ac_cv_prog_ac_ct_RANLIB=ranlib
ac_cv_prog_ac_ct_STRIP=strip
ac_cv_prog_cc_c11=
ac_cv_prog_cc_g=yes
ac_cv_prog_cc_stdc=
ac_cv_prog_cxx_11=no
ac_cv_prog_cxx_cxx11=
ac_cv_prog_cxx_g=yes
ac_cv_prog_cxx_stdcxx=
ac_cv_prog_f77_g=yes
ac_cv_prog_f77_v=-v
ac_cv_prog_make_make_set=yes
ac_cv_type_long_double=yes
acx_cv_c_complex=complex
acx_cv_c_complex_I=I
acx_cv_c_cx_limited_range_on=no
am_cv_CC_dependencies_compiler_type=gcc3
am_cv_CXX_dependencies_compiler_type=gcc3
am_cv_make_support_nested_variables=yes
am_cv_prog_cc_c_o=yes
lt_cv_ar_at_file=@
lt_cv_archive_cmds_need_lc=no
lt_cv_deplibs_check_method=pass_all
lt_cv_file_magic_cmd='$MAGIC_CMD'
lt_cv_file_magic_test_file=
lt_cv_ld_reload_flag=-r
lt_cv_nm_interface='BSD nm'
lt_cv_objdir=.libs
lt_cv_path_LD=/usr/bin/ld
lt_cv_path_LDCXX='/usr/bin/ld -m elf_x86_64'
lt_cv_path_NM='/usr/bin/nm -B'
lt_cv_path_mainfest_tool=no
lt_cv_prog_compiler_c_o=yes
lt_cv_prog_compiler_c_o_CXX=yes
lt_cv_prog_compiler_c_o_F77=yes
lt_cv_prog_compiler_pic='-fPIC -DPIC'
lt_cv_prog_compiler_pic_CXX='-fPIC -DPIC'
lt_cv_prog_compiler_pic_F77=-fPIC
lt_cv_prog_compiler_pic_works=yes
lt_cv_prog_compiler_pic_works_CXX=yes
lt_cv_prog_compiler_pic_works_F77=yes
lt_cv_prog_compiler_rtti_exceptions=no
lt_cv_prog_compiler_static_works=yes
lt_cv_prog_compiler_static_works_CXX=yes
lt_cv_prog_compiler_static_works_F77=yes
lt_cv_prog_gnu_ld=yes
lt_cv_prog_gnu_ldcxx=yes
lt_cv_sharedlib_from_linklib_cmd='printf %s\n'
lt_cv_shlibpath_overrides_runpath=yes
lt_cv_sys_global_symbol_pipe='/usr/bin/sed -n -e '\''s/^.*[	 ]\([ABCDGIRSTW][ABCDGIRSTW]*\)[	 ][	 ]*\([_A-Za-z][_A-Za-z0-9]*\)$/\1 \2 \2/p'\'' | /usr/bin/sed '\''/ __gnu_lto/d'\'''
lt_cv_sys_global_symbol_to_c_name_address='/usr/bin/sed -n -e '\''s/^: \(.*\) .*$/  {"\1", (void *) 0},/p'\'' -e '\''s/^[ABCDGIRSTW][ABCDGIRSTW]* .* \(.*\)$/  {"\1", (void *) \&\1},/p'\'''
lt_cv_sys_global_symbol_to_c_name_address_lib_prefix='/usr/bin/sed -n -e '\''s/^: \(.*\) .*$/  {"\1", (void *) 0},/p'\'' -e '\''s/^[ABCDGIRSTW][ABCDGIRSTW]* .* \(lib.*\)$/  {"\1", (void *) \&\1},/p'\'' -e '\''s/^[ABCDGIRSTW][ABCDGIRSTW]* .* \(.*\)$/  {"lib\1", (void *) \&\1},/p'\'''
lt_cv_sys_global_symbol_to_cdecl='/usr/bin/sed -n -e '\''s/^T .* \(.*\)$/extern int \1();/p'\'' -e '\''s/^[ABCDGIRSTW][ABCDGIRSTW]* .* \(.*\)$/extern char \1;/p'\'''
lt_cv_sys_global_symbol_to_import=
lt_cv_sys_max_cmd_len=1572864
lt_cv_to_host_file_cmd=func_convert_file_noop
lt_cv_to_tool_file_cmd=func_convert_file_noop
lt_cv_truncate_bin='/usr/bin/dd bs=4096 count=1'

## ----------------- ##
## Output variables. ##
## ----------------- ##

ACLOCAL='${SHELL} '\''/home/w/Desktop/harminv-1.4.2/missing'\'' aclocal-1.16'
AMDEPBACKSLASH='\'
AMDEP_FALSE='#'
AMDEP_TRUE=''
AMTAR='$${TAR-tar}'
AM_BACKSLASH='\'
AM_DEFAULT_V='$(AM_DEFAULT_VERBOSITY)'
AM_DEFAULT_VERBOSITY='0'
AM_V='$(V)'
AR='ar'
AUTOCONF='${SHELL} '\''/home/w/Desktop/harminv-1.4.2/missing'\'' autoconf'
AUTOHEADER='${SHELL} '\''/home/w/Desktop/harminv-1.4.2/missing'\'' autoheader'
AUTOMAKE='${SHELL} '\''/home/w/Desktop/harminv-1.4.2/missing'\'' automake-1.16'
AWK='mawk'
BLAS_LIBS='-lopenblas'
CC='gcc'
CCDEPMODE='depmode=gcc3'
CFLAGS='-fPIC -O2'
CPPFLAGS=''
CSCOPE='cscope'
CTAGS='ctags'
CXX='g++'
CXXCPP='g++ -E'
CXXDEPMODE='depmode=gcc3'
CXXFLAGS='-g -O2'
CYGPATH_W='echo'
DEFS='-DHAVE_CONFIG_H'
DEPDIR='.deps'
DLLTOOL='false'
DSYMUTIL=''
DUMPBIN=''
ECHO_C=''
ECHO_N='-n'
ECHO_T=''
EGREP='/usr/bin/grep -E'
ETAGS='etags'
EXEEXT=''
F77='f77'
FFLAGS='-g -O2'
FGREP='/usr/bin/grep -F'
FILECMD='file'
FLIBS=' -L/usr/lib/gcc/x86_64-linux-gnu/13 -L/usr/lib/gcc/x86_64-linux-gnu/13/../../../x86_64-linux-gnu -L/usr/lib/gcc/x86_64-linux-gnu/13/../../../../lib -L/lib/x86_64-linux-gnu -L/lib/../lib -L/usr/lib/x86_64-linux-gnu -L/usr/lib/../lib -L/usr/lib/gcc/x86_64-linux-gnu/13/../../.. -lgfortran -lm -lquadmath'
GREP='/usr/bin/grep'
INSTALL_DATA='${INSTALL} -m 644'
INSTALL_PROGRAM='${INSTALL}'
INSTALL_SCRIPT='${INSTALL}'
INSTALL_STRIP_PROGRAM='$(install_sh) -c -s'
LAPACK_LIBS=''
LD='/usr/bin/ld -m elf_x86_64'
LDFLAGS=''
LIBOBJS=''
LIBS=' -lopenblas -lm   -L/usr/lib/gcc/x86_64-linux-gnu/13 -L/usr/lib/gcc/x86_64-linux-gnu/13/../../../x86_64-linux-gnu -L/usr/lib/gcc/x86_64-linux-gnu/13/../../../../lib -L/lib/x86_64-linux-gnu -L/lib/../lib -L/usr/lib/x86_64-linux-gnu -L/usr/lib/../lib -L/usr/lib/gcc/x86_64-linux-gnu/13/../../.. -lgfortran -lm -lquadmath'
LIBTOOL='$(SHELL) $(top_builddir)/libtool'
LIPO=''
LN_S='ln -s'
LTLIBOBJS=''
LT_SYS_LIBRARY_PATH=''
MAINT='#'
MAINTAINER_MODE_FALSE=''
MAINTAINER_MODE_TRUE='#'
MAKEINFO='${SHELL} '\''/home/w/Desktop/harminv-1.4.2/missing'\'' makeinfo'
MANIFEST_TOOL=':'
MKDIR_P='/usr/bin/mkdir -p'
NM='/usr/bin/nm -B'
NMEDIT=''
OBJDUMP='objdump'
OBJEXT='o'
OTOOL64=''
OTOOL=''
PACKAGE='harminv'
PACKAGE_BUGREPORT='stevenj@alum.mit.edu'
PACKAGE_NAME='harminv'
PACKAGE_STRING='harminv 1.4.2'
PACKAGE_TARNAME='harminv'
PACKAGE_URL=''
PACKAGE_VERSION='1.4.2'
PATH_SEPARATOR=':'
RANLIB='ranlib'
SED='/usr/bin/sed'
SET_MAKE=''
SHARED_VERSION_INFO='3:1:0'
SHELL='/bin/bash'
STRIP='strip'
VERSION='1.4.2'
ac_ct_AR='ar'
ac_ct_CC='gcc'
ac_ct_CXX='g++'
ac_ct_DUMPBIN=''
ac_ct_F77='f77'
am__EXEEXT_FALSE=''
am__EXEEXT_TRUE='#'
am__fastdepCC_FALSE='#'
am__fastdepCC_TRUE=''
am__fastdepCXX_FALSE='#'
am__fastdepCXX_TRUE=''
am__include='include'
am__isrc=''
am__leading_dot='.'
am__nodep='_no'
am__quote=''
am__tar='$${TAR-tar} chof - "$$tardir"'
am__untar='$${TAR-tar} xf -'
bindir='${exec_prefix}/bin'
build='x86_64-pc-linux-gnu'
build_alias=''
build_cpu='x86_64'
build_os='linux-gnu'
build_vendor='pc'
datadir='${datarootdir}'
datarootdir='${prefix}/share'
docdir='${datarootdir}/doc/${PACKAGE_TARNAME}'
dvidir='${docdir}'
exec_prefix='${prefix}'
host='x86_64-pc-linux-gnu'
host_alias=''
host_cpu='x86_64'
host_os='linux-gnu'
host_vendor='pc'
htmldir='${docdir}'
includedir='${prefix}/include'
infodir='${datarootdir}/info'
install_sh='${SHELL} /home/w/Desktop/harminv-1.4.2/install-sh'
libdir='${exec_prefix}/lib'
libexecdir='${exec_prefix}/libexec'
localedir='${datarootdir}/locale'
localstatedir='${prefix}/var'
mandir='${datarootdir}/man'
mkdir_p='$(MKDIR_P)'
oldincludedir='/usr/include'
pdfdir='${docdir}'
prefix='/usr/local'
program_transform_name='s,x,x,'
psdir='${docdir}'
runstatedir='${localstatedir}/run'
sbindir='${exec_prefix}/sbin'
sharedstatedir='${prefix}/com'
sysconfdir='${prefix}/etc'
target_alias=''

## ----------- ##
## confdefs.h. ##
## ----------- ##

/* confdefs.h */
#define PACKAGE_NAME "harminv"
#define PACKAGE_TARNAME "harminv"
#define PACKAGE_VERSION "1.4.2"
#define PACKAGE_STRING "harminv 1.4.2"
#define PACKAGE_BUGREPORT "stevenj@alum.mit.edu"
#define PACKAGE_URL ""
#define PACKAGE "harminv"
#define VERSION "1.4.2"
#define F77_FUNC(name,NAME) name ## _
#define F77_FUNC_(name,NAME) name ## _
#define HAVE_STDIO_H 1
#define HAVE_STDLIB_H 1
#define HAVE_STRING_H 1
#define HAVE_INTTYPES_H 1
#define HAVE_STDINT_H 1
#define HAVE_STRINGS_H 1
#define HAVE_SYS_STAT_H 1
#define HAVE_SYS_TYPES_H 1
#define HAVE_UNISTD_H 1
#define STDC_HEADERS 1
#define HAVE_UNISTD_H 1
#define HAVE_GETOPT_H 1
#define HAVE_COMPLEX_H 1
#define CX_LIMITED_RANGE_ON 0
#define HAVE_LONG_DOUBLE 1
#define HAVE_DLFCN_H 1
#define LT_OBJDIR ".libs/"
#define HAVE_LIBM 1
#define HAVE_BLAS 1
#define HAVE_LAPACK 1

configure: exit 0
